2018-11-29 00:26:03,538{GMT}	INFO	[jepsen test runner] jepsen.core: Running test:
 {:concurrency 5,
 :db
 #object[jepsen.etcdemo$db$reify__2244 0x33e50ff2 "jepsen.etcdemo$db$reify__2244@33e50ff2"],
 :name "etcd",
 :start-time
 #object[org.joda.time.DateTime 0x3e8b8f0 "2018-11-29T00:26:03.000Z"],
 :net
 #object[jepsen.net$reify__4286 0x32e697ac "jepsen.net$reify__4286@32e697ac"],
 :client {:conn nil},
 :barrier
 #object[java.util.concurrent.CyclicBarrier 0xeded048 "java.util.concurrent.CyclicBarrier@eded048"],
 :ssh
 {:username "admin",
  :password "root",
  :strict-host-key-checking false,
  :private-key-path nil},
 :checker
 #object[jepsen.checker$unbridled_optimism$reify__3965 0x144a5e6e "jepsen.checker$unbridled_optimism$reify__3965@144a5e6e"],
 :nemesis
 #object[jepsen.nemesis$reify__4369 0x595814a1 "jepsen.nemesis$reify__4369@595814a1"],
 :active-histories #<Atom@696174d3: #{}>,
 :nodes
 ["ec2-35-174-16-155.compute-1.amazonaws.com"
  "ec2-18-212-141-207.compute-1.amazonaws.com"
  "ec2-18-232-141-137.compute-1.amazonaws.com"
  "ec2-107-23-238-236.compute-1.amazonaws.com"
  "ec2-18-234-71-213.compute-1.amazonaws.com"],
 :test-count 1,
 :generator
 (gen/timelimit 15 (gen/concat [(gen/on #{:nemesis} nil) (gen/on #object[clojure.core$complement$fn__4611 0x74b97416 "clojure.core$complement$fn__4611@74b97416"] (gen/delayfn #object[clojure.core$partial$fn__4759 0x12c76d6e "clojure.core$partial$fn__4759@12c76d6e"] (gen/mix [#object[jepsen.etcdemo$r 0xe3ed455 "jepsen.etcdemo$r@e3ed455"] #object[jepsen.etcdemo$w 0x606d6d2c "jepsen.etcdemo$w@606d6d2c"]])))])),
 :os
 #object[jepsen.os.debian$reify__2228 0x56d822dc "jepsen.os.debian$reify__2228@56d822dc"],
 :time-limit 60,
 :model {}}

2018-11-29 00:26:05,684{GMT}	INFO	[jepsen node ec2-18-212-141-207.compute-1.amazonaws.com] jepsen.os.debian: ec2-18-212-141-207.compute-1.amazonaws.com setting up debian
2018-11-29 00:26:05,685{GMT}	INFO	[jepsen node ec2-107-23-238-236.compute-1.amazonaws.com] jepsen.os.debian: ec2-107-23-238-236.compute-1.amazonaws.com setting up debian
2018-11-29 00:26:05,685{GMT}	INFO	[jepsen node ec2-18-232-141-137.compute-1.amazonaws.com] jepsen.os.debian: ec2-18-232-141-137.compute-1.amazonaws.com setting up debian
2018-11-29 00:26:05,685{GMT}	INFO	[jepsen node ec2-18-234-71-213.compute-1.amazonaws.com] jepsen.os.debian: ec2-18-234-71-213.compute-1.amazonaws.com setting up debian
2018-11-29 00:26:05,685{GMT}	INFO	[jepsen node ec2-35-174-16-155.compute-1.amazonaws.com] jepsen.os.debian: ec2-35-174-16-155.compute-1.amazonaws.com setting up debian
2018-11-29 00:26:07,430{GMT}	INFO	[jepsen test runner] jepsen.db: Tearing down DB
2018-11-29 00:26:07,431{GMT}	INFO	[jepsen node ec2-35-174-16-155.compute-1.amazonaws.com] jepsen.etcdemo: Tearing down db
2018-11-29 00:26:07,431{GMT}	INFO	[jepsen node ec2-18-212-141-207.compute-1.amazonaws.com] jepsen.etcdemo: Tearing down db
2018-11-29 00:26:07,431{GMT}	INFO	[jepsen node ec2-18-232-141-137.compute-1.amazonaws.com] jepsen.etcdemo: Tearing down db
2018-11-29 00:26:07,431{GMT}	INFO	[jepsen node ec2-35-174-16-155.compute-1.amazonaws.com] jepsen.control.util: Stopping etcd
2018-11-29 00:26:07,431{GMT}	INFO	[jepsen node ec2-18-212-141-207.compute-1.amazonaws.com] jepsen.control.util: Stopping etcd
2018-11-29 00:26:07,431{GMT}	INFO	[jepsen node ec2-18-232-141-137.compute-1.amazonaws.com] jepsen.control.util: Stopping etcd
2018-11-29 00:26:07,431{GMT}	INFO	[jepsen node ec2-107-23-238-236.compute-1.amazonaws.com] jepsen.etcdemo: Tearing down db
2018-11-29 00:26:07,432{GMT}	INFO	[jepsen node ec2-18-234-71-213.compute-1.amazonaws.com] jepsen.etcdemo: Tearing down db
2018-11-29 00:26:07,432{GMT}	INFO	[jepsen node ec2-107-23-238-236.compute-1.amazonaws.com] jepsen.control.util: Stopping etcd
2018-11-29 00:26:07,433{GMT}	INFO	[jepsen node ec2-18-234-71-213.compute-1.amazonaws.com] jepsen.control.util: Stopping etcd
2018-11-29 00:26:07,504{GMT}	WARN	[jepsen node ec2-18-232-141-137.compute-1.amazonaws.com] jepsen.control: Encountered error with conn [:control "ec2-18-232-141-137.compute-1.amazonaws.com"]; reopening
2018-11-29 00:26:07,581{GMT}	WARN	[jepsen node ec2-18-234-71-213.compute-1.amazonaws.com] jepsen.control: Encountered error with conn [:control "ec2-18-234-71-213.compute-1.amazonaws.com"]; reopening
2018-11-29 00:26:09,892{GMT}	INFO	[jepsen test runner] jepsen.db: Setting up DB
2018-11-29 00:26:09,893{GMT}	INFO	[jepsen node ec2-18-212-141-207.compute-1.amazonaws.com] jepsen.etcdemo: Setting up db
2018-11-29 00:26:09,893{GMT}	INFO	[jepsen node ec2-35-174-16-155.compute-1.amazonaws.com] jepsen.etcdemo: Setting up db
2018-11-29 00:26:09,893{GMT}	INFO	[jepsen node ec2-18-232-141-137.compute-1.amazonaws.com] jepsen.etcdemo: Setting up db
2018-11-29 00:26:09,894{GMT}	INFO	[jepsen node ec2-107-23-238-236.compute-1.amazonaws.com] jepsen.etcdemo: Setting up db
2018-11-29 00:26:09,894{GMT}	INFO	[jepsen node ec2-18-234-71-213.compute-1.amazonaws.com] jepsen.etcdemo: Setting up db
2018-11-29 00:26:11,217{GMT}	INFO	[jepsen node ec2-18-234-71-213.compute-1.amazonaws.com] jepsen.control.util: starting etcd
2018-11-29 00:26:11,217{GMT}	INFO	[jepsen node ec2-18-212-141-207.compute-1.amazonaws.com] jepsen.control.util: starting etcd
2018-11-29 00:26:11,217{GMT}	INFO	[jepsen node ec2-18-232-141-137.compute-1.amazonaws.com] jepsen.control.util: starting etcd
2018-11-29 00:26:11,218{GMT}	INFO	[jepsen node ec2-107-23-238-236.compute-1.amazonaws.com] jepsen.control.util: starting etcd
2018-11-29 00:26:11,219{GMT}	INFO	[jepsen node ec2-35-174-16-155.compute-1.amazonaws.com] jepsen.control.util: starting etcd
2018-11-29 00:26:21,431{GMT}	INFO	[jepsen worker 0] jepsen.core: Starting worker 0
2018-11-29 00:26:21,431{GMT}	INFO	[jepsen worker 1] jepsen.core: Starting worker 1
2018-11-29 00:26:21,431{GMT}	INFO	[jepsen nemesis] jepsen.core: Starting nemesis
2018-11-29 00:26:21,432{GMT}	INFO	[jepsen worker 2] jepsen.core: Starting worker 2
2018-11-29 00:26:21,433{GMT}	INFO	[jepsen worker 0] jepsen.core: Running worker 0
2018-11-29 00:26:21,433{GMT}	INFO	[jepsen worker 4] jepsen.core: Starting worker 4
2018-11-29 00:26:21,433{GMT}	INFO	[jepsen worker 1] jepsen.core: Running worker 1
2018-11-29 00:26:21,433{GMT}	INFO	[jepsen nemesis] jepsen.core: Running nemesis
2018-11-29 00:26:21,433{GMT}	INFO	[jepsen worker 3] jepsen.core: Starting worker 3
2018-11-29 00:26:21,434{GMT}	INFO	[jepsen worker 2] jepsen.core: Running worker 2
2018-11-29 00:26:21,438{GMT}	INFO	[jepsen worker 4] jepsen.core: Running worker 4
2018-11-29 00:26:21,443{GMT}	INFO	[jepsen worker 3] jepsen.core: Running worker 3
2018-11-29 00:26:21,444{GMT}	INFO	[jepsen nemesis] jepsen.core: Stopping nemesis
2018-11-29 00:26:21,473{GMT}	INFO	[jepsen worker 1] jepsen.util: 1	:invoke	:read	nil
2018-11-29 00:26:21,571{GMT}	INFO	[jepsen worker 1] jepsen.util: 1	:ok	:read	nil
2018-11-29 00:26:21,632{GMT}	INFO	[jepsen worker 2] jepsen.util: 2	:invoke	:write	4
2018-11-29 00:26:21,664{GMT}	INFO	[jepsen worker 2] jepsen.util: 2	:ok	:write	4
2018-11-29 00:26:22,389{GMT}	INFO	[jepsen worker 4] jepsen.util: 4	:invoke	:write	4
2018-11-29 00:26:22,397{GMT}	INFO	[jepsen worker 4] jepsen.util: 4	:ok	:write	4
2018-11-29 00:26:22,728{GMT}	INFO	[jepsen worker 3] jepsen.util: 3	:invoke	:read	nil
2018-11-29 00:26:22,734{GMT}	INFO	[jepsen worker 3] jepsen.util: 3	:ok	:read	"4"
2018-11-29 00:26:23,059{GMT}	INFO	[jepsen worker 2] jepsen.util: 2	:invoke	:read	nil
2018-11-29 00:26:23,065{GMT}	INFO	[jepsen worker 2] jepsen.util: 2	:ok	:read	"4"
2018-11-29 00:26:23,111{GMT}	INFO	[jepsen worker 0] jepsen.util: 0	:invoke	:read	nil
2018-11-29 00:26:23,116{GMT}	INFO	[jepsen worker 0] jepsen.util: 0	:ok	:read	"4"
2018-11-29 00:26:23,269{GMT}	INFO	[jepsen worker 3] jepsen.util: 3	:invoke	:read	nil
2018-11-29 00:26:23,274{GMT}	INFO	[jepsen worker 3] jepsen.util: 3	:ok	:read	"4"
2018-11-29 00:26:23,284{GMT}	INFO	[jepsen worker 4] jepsen.util: 4	:invoke	:read	nil
2018-11-29 00:26:23,288{GMT}	INFO	[jepsen worker 4] jepsen.util: 4	:ok	:read	"4"
2018-11-29 00:26:23,398{GMT}	INFO	[jepsen worker 4] jepsen.util: 4	:invoke	:write	2
2018-11-29 00:26:23,405{GMT}	INFO	[jepsen worker 4] jepsen.util: 4	:ok	:write	2
2018-11-29 00:26:23,423{GMT}	INFO	[jepsen worker 1] jepsen.util: 1	:invoke	:read	nil
2018-11-29 00:26:23,427{GMT}	INFO	[jepsen worker 1] jepsen.util: 1	:ok	:read	"2"
2018-11-29 00:26:23,970{GMT}	INFO	[jepsen worker 2] jepsen.util: 2	:invoke	:read	nil
2018-11-29 00:26:23,977{GMT}	INFO	[jepsen worker 2] jepsen.util: 2	:ok	:read	"2"
2018-11-29 00:26:24,003{GMT}	INFO	[jepsen worker 1] jepsen.util: 1	:invoke	:write	4
2018-11-29 00:26:24,010{GMT}	INFO	[jepsen worker 1] jepsen.util: 1	:ok	:write	4
2018-11-29 00:26:24,220{GMT}	INFO	[jepsen worker 0] jepsen.util: 0	:invoke	:write	3
2018-11-29 00:26:24,228{GMT}	INFO	[jepsen worker 0] jepsen.util: 0	:ok	:write	3
2018-11-29 00:26:24,410{GMT}	INFO	[jepsen worker 4] jepsen.util: 4	:invoke	:write	3
2018-11-29 00:26:24,418{GMT}	INFO	[jepsen worker 4] jepsen.util: 4	:ok	:write	3
2018-11-29 00:26:24,630{GMT}	INFO	[jepsen worker 4] jepsen.util: 4	:invoke	:read	nil
2018-11-29 00:26:24,636{GMT}	INFO	[jepsen worker 4] jepsen.util: 4	:ok	:read	"3"
2018-11-29 00:26:25,020{GMT}	INFO	[jepsen worker 3] jepsen.util: 3	:invoke	:write	3
2018-11-29 00:26:25,028{GMT}	INFO	[jepsen worker 3] jepsen.util: 3	:ok	:write	3
2018-11-29 00:26:25,105{GMT}	INFO	[jepsen worker 2] jepsen.util: 2	:invoke	:write	3
2018-11-29 00:26:25,112{GMT}	INFO	[jepsen worker 2] jepsen.util: 2	:ok	:write	3
2018-11-29 00:26:25,121{GMT}	INFO	[jepsen worker 1] jepsen.util: 1	:invoke	:read	nil
2018-11-29 00:26:25,126{GMT}	INFO	[jepsen worker 1] jepsen.util: 1	:ok	:read	"3"
2018-11-29 00:26:25,129{GMT}	INFO	[jepsen worker 0] jepsen.util: 0	:invoke	:write	3
2018-11-29 00:26:25,136{GMT}	INFO	[jepsen worker 0] jepsen.util: 0	:ok	:write	3
2018-11-29 00:26:25,914{GMT}	INFO	[jepsen worker 4] jepsen.util: 4	:invoke	:read	nil
2018-11-29 00:26:25,921{GMT}	INFO	[jepsen worker 4] jepsen.util: 4	:ok	:read	"3"
2018-11-29 00:26:26,570{GMT}	INFO	[jepsen worker 2] jepsen.util: 2	:invoke	:write	3
2018-11-29 00:26:26,578{GMT}	INFO	[jepsen worker 2] jepsen.util: 2	:ok	:write	3
2018-11-29 00:26:26,611{GMT}	INFO	[jepsen worker 1] jepsen.util: 1	:invoke	:write	4
2018-11-29 00:26:26,618{GMT}	INFO	[jepsen worker 1] jepsen.util: 1	:ok	:write	4
2018-11-29 00:26:26,670{GMT}	INFO	[jepsen worker 4] jepsen.util: 4	:invoke	:read	nil
2018-11-29 00:26:26,675{GMT}	INFO	[jepsen worker 4] jepsen.util: 4	:ok	:read	"4"
2018-11-29 00:26:26,782{GMT}	INFO	[jepsen worker 3] jepsen.util: 3	:invoke	:read	nil
2018-11-29 00:26:26,787{GMT}	INFO	[jepsen worker 3] jepsen.util: 3	:ok	:read	"4"
2018-11-29 00:26:26,981{GMT}	INFO	[jepsen worker 4] jepsen.util: 4	:invoke	:read	nil
2018-11-29 00:26:26,986{GMT}	INFO	[jepsen worker 4] jepsen.util: 4	:ok	:read	"4"
2018-11-29 00:26:27,016{GMT}	INFO	[jepsen worker 0] jepsen.util: 0	:invoke	:read	nil
2018-11-29 00:26:27,021{GMT}	INFO	[jepsen worker 0] jepsen.util: 0	:ok	:read	"4"
2018-11-29 00:26:27,078{GMT}	INFO	[jepsen worker 2] jepsen.util: 2	:invoke	:read	nil
2018-11-29 00:26:27,082{GMT}	INFO	[jepsen worker 2] jepsen.util: 2	:ok	:read	"4"
2018-11-29 00:26:27,372{GMT}	INFO	[jepsen worker 0] jepsen.util: 0	:invoke	:write	3
2018-11-29 00:26:27,379{GMT}	INFO	[jepsen worker 0] jepsen.util: 0	:ok	:write	3
2018-11-29 00:26:28,058{GMT}	INFO	[jepsen worker 3] jepsen.util: 3	:invoke	:read	nil
2018-11-29 00:26:28,063{GMT}	INFO	[jepsen worker 3] jepsen.util: 3	:ok	:read	"3"
2018-11-29 00:26:28,268{GMT}	INFO	[jepsen worker 1] jepsen.util: 1	:invoke	:write	1
2018-11-29 00:26:28,276{GMT}	INFO	[jepsen worker 1] jepsen.util: 1	:ok	:write	1
2018-11-29 00:26:28,365{GMT}	INFO	[jepsen worker 2] jepsen.util: 2	:invoke	:read	nil
2018-11-29 00:26:28,369{GMT}	INFO	[jepsen worker 2] jepsen.util: 2	:ok	:read	"1"
2018-11-29 00:26:28,378{GMT}	INFO	[jepsen worker 0] jepsen.util: 0	:invoke	:write	0
2018-11-29 00:26:28,385{GMT}	INFO	[jepsen worker 0] jepsen.util: 0	:ok	:write	0
2018-11-29 00:26:28,939{GMT}	INFO	[jepsen worker 4] jepsen.util: 4	:invoke	:read	nil
2018-11-29 00:26:28,944{GMT}	INFO	[jepsen worker 4] jepsen.util: 4	:ok	:read	"0"
2018-11-29 00:26:29,189{GMT}	INFO	[jepsen worker 1] jepsen.util: 1	:invoke	:write	3
2018-11-29 00:26:29,197{GMT}	INFO	[jepsen worker 1] jepsen.util: 1	:ok	:write	3
2018-11-29 00:26:29,263{GMT}	INFO	[jepsen worker 3] jepsen.util: 3	:invoke	:write	0
2018-11-29 00:26:29,269{GMT}	INFO	[jepsen worker 3] jepsen.util: 3	:ok	:write	0
2018-11-29 00:26:29,341{GMT}	INFO	[jepsen worker 2] jepsen.util: 2	:invoke	:read	nil
2018-11-29 00:26:29,345{GMT}	INFO	[jepsen worker 2] jepsen.util: 2	:ok	:read	"0"
2018-11-29 00:26:29,729{GMT}	INFO	[jepsen worker 1] jepsen.util: 1	:invoke	:write	2
2018-11-29 00:26:29,737{GMT}	INFO	[jepsen worker 1] jepsen.util: 1	:ok	:write	2
2018-11-29 00:26:29,775{GMT}	INFO	[jepsen worker 0] jepsen.util: 0	:invoke	:write	1
2018-11-29 00:26:29,783{GMT}	INFO	[jepsen worker 0] jepsen.util: 0	:ok	:write	1
2018-11-29 00:26:30,200{GMT}	INFO	[jepsen worker 0] jepsen.util: 0	:invoke	:write	3
2018-11-29 00:26:30,208{GMT}	INFO	[jepsen worker 0] jepsen.util: 0	:ok	:write	3
2018-11-29 00:26:30,681{GMT}	INFO	[jepsen worker 4] jepsen.util: 4	:invoke	:read	nil
2018-11-29 00:26:30,686{GMT}	INFO	[jepsen worker 4] jepsen.util: 4	:ok	:read	"3"
2018-11-29 00:26:30,734{GMT}	INFO	[jepsen worker 3] jepsen.util: 3	:invoke	:write	4
2018-11-29 00:26:30,740{GMT}	INFO	[jepsen worker 3] jepsen.util: 3	:ok	:write	4
2018-11-29 00:26:30,768{GMT}	INFO	[jepsen worker 2] jepsen.util: 2	:invoke	:write	3
2018-11-29 00:26:30,774{GMT}	INFO	[jepsen worker 2] jepsen.util: 2	:ok	:write	3
2018-11-29 00:26:30,876{GMT}	INFO	[jepsen worker 4] jepsen.util: 4	:invoke	:read	nil
2018-11-29 00:26:30,881{GMT}	INFO	[jepsen worker 4] jepsen.util: 4	:ok	:read	"3"
2018-11-29 00:26:31,138{GMT}	INFO	[jepsen worker 0] jepsen.util: 0	:invoke	:read	nil
2018-11-29 00:26:31,143{GMT}	INFO	[jepsen worker 0] jepsen.util: 0	:ok	:read	"3"
2018-11-29 00:26:31,174{GMT}	INFO	[jepsen worker 1] jepsen.util: 1	:invoke	:read	nil
2018-11-29 00:26:31,178{GMT}	INFO	[jepsen worker 1] jepsen.util: 1	:ok	:read	"3"
2018-11-29 00:26:31,353{GMT}	INFO	[jepsen worker 2] jepsen.util: 2	:invoke	:read	nil
2018-11-29 00:26:31,358{GMT}	INFO	[jepsen worker 2] jepsen.util: 2	:ok	:read	"3"
2018-11-29 00:26:31,400{GMT}	INFO	[jepsen worker 0] jepsen.util: 0	:invoke	:write	4
2018-11-29 00:26:31,407{GMT}	INFO	[jepsen worker 0] jepsen.util: 0	:ok	:write	4
2018-11-29 00:26:31,440{GMT}	INFO	[jepsen worker 4] jepsen.util: 4	:invoke	:write	4
2018-11-29 00:26:31,441{GMT}	INFO	[jepsen worker 2] jepsen.util: 2	:invoke	:read	nil
2018-11-29 00:26:31,445{GMT}	INFO	[jepsen worker 2] jepsen.util: 2	:ok	:read	"4"
2018-11-29 00:26:31,447{GMT}	INFO	[jepsen worker 4] jepsen.util: 4	:ok	:write	4
2018-11-29 00:26:31,497{GMT}	INFO	[jepsen worker 3] jepsen.util: 3	:invoke	:write	3
2018-11-29 00:26:31,504{GMT}	INFO	[jepsen worker 3] jepsen.util: 3	:ok	:write	3
2018-11-29 00:26:31,568{GMT}	INFO	[jepsen worker 0] jepsen.util: 0	:invoke	:read	nil
2018-11-29 00:26:31,573{GMT}	INFO	[jepsen worker 0] jepsen.util: 0	:ok	:read	"3"
2018-11-29 00:26:31,620{GMT}	INFO	[jepsen worker 2] jepsen.util: 2	:invoke	:write	1
2018-11-29 00:26:31,628{GMT}	INFO	[jepsen worker 2] jepsen.util: 2	:ok	:write	1
2018-11-29 00:26:32,021{GMT}	INFO	[jepsen worker 3] jepsen.util: 3	:invoke	:write	4
2018-11-29 00:26:32,028{GMT}	INFO	[jepsen worker 3] jepsen.util: 3	:ok	:write	4
2018-11-29 00:26:32,075{GMT}	INFO	[jepsen worker 1] jepsen.util: 1	:invoke	:read	nil
2018-11-29 00:26:32,079{GMT}	INFO	[jepsen worker 1] jepsen.util: 1	:ok	:read	"4"
2018-11-29 00:26:32,188{GMT}	INFO	[jepsen worker 3] jepsen.util: 3	:invoke	:write	4
2018-11-29 00:26:32,194{GMT}	INFO	[jepsen worker 3] jepsen.util: 3	:ok	:write	4
2018-11-29 00:26:32,259{GMT}	INFO	[jepsen worker 2] jepsen.util: 2	:invoke	:write	3
2018-11-29 00:26:32,266{GMT}	INFO	[jepsen worker 2] jepsen.util: 2	:ok	:write	3
2018-11-29 00:26:32,586{GMT}	INFO	[jepsen worker 2] jepsen.util: 2	:invoke	:read	nil
2018-11-29 00:26:32,590{GMT}	INFO	[jepsen worker 2] jepsen.util: 2	:ok	:read	"3"
2018-11-29 00:26:32,640{GMT}	INFO	[jepsen worker 2] jepsen.util: 2	:invoke	:write	1
2018-11-29 00:26:32,646{GMT}	INFO	[jepsen worker 2] jepsen.util: 2	:ok	:write	1
2018-11-29 00:26:32,809{GMT}	INFO	[jepsen worker 2] jepsen.util: 2	:invoke	:read	nil
2018-11-29 00:26:32,813{GMT}	INFO	[jepsen worker 2] jepsen.util: 2	:ok	:read	"1"
2018-11-29 00:26:32,937{GMT}	INFO	[jepsen worker 4] jepsen.util: 4	:invoke	:read	nil
2018-11-29 00:26:32,941{GMT}	INFO	[jepsen worker 4] jepsen.util: 4	:ok	:read	"1"
2018-11-29 00:26:33,019{GMT}	INFO	[jepsen worker 0] jepsen.util: 0	:invoke	:read	nil
2018-11-29 00:26:33,023{GMT}	INFO	[jepsen worker 0] jepsen.util: 0	:ok	:read	"1"
2018-11-29 00:26:33,088{GMT}	INFO	[jepsen worker 0] jepsen.util: 0	:invoke	:read	nil
2018-11-29 00:26:33,092{GMT}	INFO	[jepsen worker 0] jepsen.util: 0	:ok	:read	"1"
2018-11-29 00:26:33,155{GMT}	INFO	[jepsen worker 4] jepsen.util: 4	:invoke	:read	nil
2018-11-29 00:26:33,160{GMT}	INFO	[jepsen worker 4] jepsen.util: 4	:ok	:read	"1"
2018-11-29 00:26:33,676{GMT}	INFO	[jepsen worker 1] jepsen.util: 1	:invoke	:read	nil
2018-11-29 00:26:33,682{GMT}	INFO	[jepsen worker 1] jepsen.util: 1	:ok	:read	"1"
2018-11-29 00:26:33,810{GMT}	INFO	[jepsen worker 2] jepsen.util: 2	:invoke	:read	nil
2018-11-29 00:26:33,814{GMT}	INFO	[jepsen worker 2] jepsen.util: 2	:ok	:read	"1"
2018-11-29 00:26:33,893{GMT}	INFO	[jepsen worker 2] jepsen.util: 2	:invoke	:read	nil
2018-11-29 00:26:33,897{GMT}	INFO	[jepsen worker 2] jepsen.util: 2	:ok	:read	"1"
2018-11-29 00:26:33,992{GMT}	INFO	[jepsen worker 3] jepsen.util: 3	:invoke	:read	nil
2018-11-29 00:26:33,996{GMT}	INFO	[jepsen worker 3] jepsen.util: 3	:ok	:read	"1"
2018-11-29 00:26:34,393{GMT}	INFO	[jepsen worker 4] jepsen.util: 4	:invoke	:read	nil
2018-11-29 00:26:34,398{GMT}	INFO	[jepsen worker 4] jepsen.util: 4	:ok	:read	"1"
2018-11-29 00:26:34,426{GMT}	INFO	[jepsen worker 2] jepsen.util: 2	:invoke	:read	nil
2018-11-29 00:26:34,431{GMT}	INFO	[jepsen worker 2] jepsen.util: 2	:ok	:read	"1"
2018-11-29 00:26:34,505{GMT}	INFO	[jepsen worker 0] jepsen.util: 0	:invoke	:write	0
2018-11-29 00:26:34,512{GMT}	INFO	[jepsen worker 0] jepsen.util: 0	:ok	:write	0
2018-11-29 00:26:35,081{GMT}	INFO	[jepsen worker 1] jepsen.util: 1	:invoke	:write	3
2018-11-29 00:26:35,088{GMT}	INFO	[jepsen worker 1] jepsen.util: 1	:ok	:write	3
2018-11-29 00:26:35,426{GMT}	INFO	[jepsen worker 3] jepsen.util: 3	:invoke	:write	1
2018-11-29 00:26:35,434{GMT}	INFO	[jepsen worker 3] jepsen.util: 3	:ok	:write	1
2018-11-29 00:26:35,632{GMT}	INFO	[jepsen worker 4] jepsen.util: 4	:invoke	:write	1
2018-11-29 00:26:35,641{GMT}	INFO	[jepsen worker 4] jepsen.util: 4	:ok	:write	1
2018-11-29 00:26:35,716{GMT}	INFO	[jepsen worker 1] jepsen.util: 1	:invoke	:read	nil
2018-11-29 00:26:35,721{GMT}	INFO	[jepsen worker 1] jepsen.util: 1	:ok	:read	"1"
2018-11-29 00:26:35,817{GMT}	INFO	[jepsen worker 4] jepsen.util: 4	:invoke	:read	nil
2018-11-29 00:26:35,822{GMT}	INFO	[jepsen worker 4] jepsen.util: 4	:ok	:read	"1"
2018-11-29 00:26:35,898{GMT}	INFO	[jepsen worker 3] jepsen.util: 3	:invoke	:write	2
2018-11-29 00:26:35,905{GMT}	INFO	[jepsen worker 3] jepsen.util: 3	:ok	:write	2
2018-11-29 00:26:36,187{GMT}	INFO	[jepsen worker 2] jepsen.util: 2	:invoke	:read	nil
2018-11-29 00:26:36,193{GMT}	INFO	[jepsen worker 2] jepsen.util: 2	:ok	:read	"2"
2018-11-29 00:26:36,403{GMT}	INFO	[jepsen worker 0] jepsen.util: 0	:invoke	:read	nil
2018-11-29 00:26:36,409{GMT}	INFO	[jepsen worker 0] jepsen.util: 0	:ok	:read	"2"
2018-11-29 00:26:36,436{GMT}	INFO	[jepsen worker 2] jepsen.core: Stopping worker 2
2018-11-29 00:26:36,440{GMT}	INFO	[jepsen worker 0] jepsen.core: Stopping worker 0
2018-11-29 00:26:36,444{GMT}	INFO	[jepsen worker 4] jepsen.core: Stopping worker 4
2018-11-29 00:26:36,444{GMT}	INFO	[jepsen worker 1] jepsen.core: Stopping worker 1
2018-11-29 00:26:36,448{GMT}	INFO	[jepsen worker 3] jepsen.core: Stopping worker 3
2018-11-29 00:26:36,452{GMT}	INFO	[jepsen test runner] jepsen.core: Run complete, writing
2018-11-29 00:26:36,490{GMT}	INFO	[jepsen test runner] jepsen.core: Analyzing...
2018-11-29 00:26:36,491{GMT}	INFO	[jepsen test runner] jepsen.core: Analysis complete
2018-11-29 00:26:36,493{GMT}	INFO	[jepsen results] jepsen.store: Wrote /home/admin/jepsen.etcdemo/store/etcd/20181129T002603.000Z/results.edn
2018-11-29 00:26:36,506{GMT}	INFO	[jepsen test runner] jepsen.core: Snarfing log files
2018-11-29 00:26:36,509{GMT}	INFO	[jepsen node ec2-18-212-141-207.compute-1.amazonaws.com] jepsen.core: downloading /opt/etcd/etcd.log to etcd.log
2018-11-29 00:26:36,509{GMT}	INFO	[jepsen node ec2-18-232-141-137.compute-1.amazonaws.com] jepsen.core: downloading /opt/etcd/etcd.log to etcd.log
2018-11-29 00:26:36,509{GMT}	INFO	[jepsen node ec2-18-234-71-213.compute-1.amazonaws.com] jepsen.core: downloading /opt/etcd/etcd.log to etcd.log
2018-11-29 00:26:36,509{GMT}	INFO	[jepsen node ec2-107-23-238-236.compute-1.amazonaws.com] jepsen.core: downloading /opt/etcd/etcd.log to etcd.log
2018-11-29 00:26:36,509{GMT}	INFO	[jepsen node ec2-35-174-16-155.compute-1.amazonaws.com] jepsen.core: downloading /opt/etcd/etcd.log to etcd.log
2018-11-29 00:26:36,537{GMT}	INFO	[jepsen node ec2-18-212-141-207.compute-1.amazonaws.com] jepsen.etcdemo: Tearing down db
2018-11-29 00:26:36,537{GMT}	INFO	[jepsen node ec2-18-232-141-137.compute-1.amazonaws.com] jepsen.etcdemo: Tearing down db
2018-11-29 00:26:36,537{GMT}	INFO	[jepsen node ec2-18-212-141-207.compute-1.amazonaws.com] jepsen.control.util: Stopping etcd
2018-11-29 00:26:36,537{GMT}	INFO	[jepsen node ec2-18-232-141-137.compute-1.amazonaws.com] jepsen.control.util: Stopping etcd
2018-11-29 00:26:36,537{GMT}	INFO	[jepsen node ec2-18-234-71-213.compute-1.amazonaws.com] jepsen.etcdemo: Tearing down db
2018-11-29 00:26:36,537{GMT}	INFO	[jepsen node ec2-35-174-16-155.compute-1.amazonaws.com] jepsen.etcdemo: Tearing down db
2018-11-29 00:26:36,538{GMT}	INFO	[jepsen node ec2-107-23-238-236.compute-1.amazonaws.com] jepsen.etcdemo: Tearing down db
2018-11-29 00:26:36,538{GMT}	INFO	[jepsen node ec2-18-234-71-213.compute-1.amazonaws.com] jepsen.control.util: Stopping etcd
2018-11-29 00:26:36,538{GMT}	INFO	[jepsen node ec2-35-174-16-155.compute-1.amazonaws.com] jepsen.control.util: Stopping etcd
2018-11-29 00:26:36,538{GMT}	INFO	[jepsen node ec2-107-23-238-236.compute-1.amazonaws.com] jepsen.control.util: Stopping etcd
2018-11-29 00:26:36,848{GMT}	INFO	[jepsen test runner] jepsen.core: {:valid? true}


Everything looks good! ヽ(‘ー`)ノ
