2018-11-29 01:04:26 Jepsen starting etcd :--log-output :stderr :--name ec2-107-23-238-236.compute-1.amazonaws.com :--listen-peer-urls http://ec2-107-23-238-236.compute-1.amazonaws.com:2380 :--listen-client-urls http://ec2-107-23-238-236.compute-1.amazonaws.com:2379 :--advertise-client-urls http://ec2-107-23-238-236.compute-1.amazonaws.com:2379 :--initial-cluster-state :new :--initial-advertise-peer-urls http://ec2-107-23-238-236.compute-1.amazonaws.com:2380 :--initial-cluster ec2-35-174-16-155.compute-1.amazonaws.com=http://ec2-35-174-16-155.compute-1.amazonaws.com:2380,ec2-18-212-141-207.compute-1.amazonaws.com=http://ec2-18-212-141-207.compute-1.amazonaws.com:2380,ec2-18-232-141-137.compute-1.amazonaws.com=http://ec2-18-232-141-137.compute-1.amazonaws.com:2380,ec2-107-23-238-236.compute-1.amazonaws.com=http://ec2-107-23-238-236.compute-1.amazonaws.com:2380,ec2-18-234-71-213.compute-1.amazonaws.com=http://ec2-18-234-71-213.compute-1.amazonaws.com:2380
2018-11-29 01:04:26.630026 I | etcdmain: etcd Version: 3.1.5
2018-11-29 01:04:26.630062 I | etcdmain: Git SHA: 20490ca
2018-11-29 01:04:26.630068 I | etcdmain: Go Version: go1.7.5
2018-11-29 01:04:26.630074 I | etcdmain: Go OS/Arch: linux/amd64
2018-11-29 01:04:26.630079 I | etcdmain: setting maximum number of CPUs to 2, total number of available CPUs is 2
2018-11-29 01:04:26.630092 W | etcdmain: no data-dir provided, using default data-dir ./ec2-107-23-238-236.compute-1.amazonaws.com.etcd
2018-11-29 01:04:26.630107 W | embed: expected IP in URL for binding (http://ec2-107-23-238-236.compute-1.amazonaws.com:2380)
2018-11-29 01:04:26.630114 W | embed: expected IP in URL for binding (http://ec2-107-23-238-236.compute-1.amazonaws.com:2379)
2018-11-29 01:04:26.632205 I | embed: listening for peers on http://ec2-107-23-238-236.compute-1.amazonaws.com:2380
2018-11-29 01:04:26.632681 I | embed: listening for client requests on ec2-107-23-238-236.compute-1.amazonaws.com:2379
2018-11-29 01:04:26.636892 I | pkg/netutil: resolving ec2-107-23-238-236.compute-1.amazonaws.com:2380 to 172.31.24.89:2380
2018-11-29 01:04:26.637281 I | pkg/netutil: resolving ec2-107-23-238-236.compute-1.amazonaws.com:2380 to 172.31.24.89:2380
2018-11-29 01:04:30.638351 I | etcdserver: name = ec2-107-23-238-236.compute-1.amazonaws.com
2018-11-29 01:04:30.638390 I | etcdserver: data dir = ec2-107-23-238-236.compute-1.amazonaws.com.etcd
2018-11-29 01:04:30.638399 I | etcdserver: member dir = ec2-107-23-238-236.compute-1.amazonaws.com.etcd/member
2018-11-29 01:04:30.638405 I | etcdserver: heartbeat = 100ms
2018-11-29 01:04:30.638410 I | etcdserver: election = 1000ms
2018-11-29 01:04:30.638416 I | etcdserver: snapshot count = 10000
2018-11-29 01:04:30.638456 I | etcdserver: advertise client URLs = http://ec2-107-23-238-236.compute-1.amazonaws.com:2379
2018-11-29 01:04:30.638473 I | etcdserver: initial advertise peer URLs = http://ec2-107-23-238-236.compute-1.amazonaws.com:2380
2018-11-29 01:04:30.638500 I | etcdserver: initial cluster = ec2-107-23-238-236.compute-1.amazonaws.com=http://ec2-107-23-238-236.compute-1.amazonaws.com:2380,ec2-18-212-141-207.compute-1.amazonaws.com=http://ec2-18-212-141-207.compute-1.amazonaws.com:2380,ec2-18-232-141-137.compute-1.amazonaws.com=http://ec2-18-232-141-137.compute-1.amazonaws.com:2380,ec2-18-234-71-213.compute-1.amazonaws.com=http://ec2-18-234-71-213.compute-1.amazonaws.com:2380,ec2-35-174-16-155.compute-1.amazonaws.com=http://ec2-35-174-16-155.compute-1.amazonaws.com:2380
2018-11-29 01:04:30.642404 I | etcdserver: starting member 2d508dd0aa9ee691 in cluster d4e906640f16da25
2018-11-29 01:04:30.642435 I | raft: 2d508dd0aa9ee691 became follower at term 0
2018-11-29 01:04:30.642450 I | raft: newRaft 2d508dd0aa9ee691 [peers: [], term: 0, commit: 0, applied: 0, lastindex: 0, lastterm: 0]
2018-11-29 01:04:30.642457 I | raft: 2d508dd0aa9ee691 became follower at term 1
2018-11-29 01:04:30.652604 I | rafthttp: starting peer 3474e3739df12d31...
2018-11-29 01:04:30.652659 I | rafthttp: started HTTP pipelining with peer 3474e3739df12d31
2018-11-29 01:04:30.655087 I | rafthttp: started streaming with peer 3474e3739df12d31 (writer)
2018-11-29 01:04:30.657306 I | rafthttp: started streaming with peer 3474e3739df12d31 (writer)
2018-11-29 01:04:30.657329 I | rafthttp: started peer 3474e3739df12d31
2018-11-29 01:04:30.657355 I | rafthttp: added peer 3474e3739df12d31
2018-11-29 01:04:30.657363 I | rafthttp: started streaming with peer 3474e3739df12d31 (stream MsgApp v2 reader)
2018-11-29 01:04:30.657378 I | rafthttp: starting peer a00c92baa5af8639...
2018-11-29 01:04:30.657426 I | rafthttp: started HTTP pipelining with peer a00c92baa5af8639
2018-11-29 01:04:30.657549 I | rafthttp: started streaming with peer 3474e3739df12d31 (stream Message reader)
2018-11-29 01:04:30.658794 I | rafthttp: started streaming with peer a00c92baa5af8639 (writer)
2018-11-29 01:04:30.658942 I | rafthttp: started streaming with peer a00c92baa5af8639 (writer)
2018-11-29 01:04:30.660173 I | rafthttp: started peer a00c92baa5af8639
2018-11-29 01:04:30.660198 I | rafthttp: added peer a00c92baa5af8639
2018-11-29 01:04:30.660217 I | rafthttp: starting peer b230326f6c733c35...
2018-11-29 01:04:30.660902 I | rafthttp: started HTTP pipelining with peer b230326f6c733c35
2018-11-29 01:04:30.662104 I | rafthttp: started peer b230326f6c733c35
2018-11-29 01:04:30.662146 I | rafthttp: added peer b230326f6c733c35
2018-11-29 01:04:30.662164 I | rafthttp: starting peer cecac79a73f45067...
2018-11-29 01:04:30.662180 I | rafthttp: started HTTP pipelining with peer cecac79a73f45067
2018-11-29 01:04:30.662655 I | rafthttp: started streaming with peer b230326f6c733c35 (writer)
2018-11-29 01:04:30.663204 I | rafthttp: started streaming with peer a00c92baa5af8639 (stream Message reader)
2018-11-29 01:04:30.664295 I | rafthttp: started streaming with peer cecac79a73f45067 (writer)
2018-11-29 01:04:30.664522 I | rafthttp: started streaming with peer cecac79a73f45067 (writer)
2018-11-29 01:04:30.664794 I | rafthttp: started streaming with peer b230326f6c733c35 (writer)
2018-11-29 01:04:30.665725 I | rafthttp: started peer cecac79a73f45067
2018-11-29 01:04:30.665749 I | rafthttp: added peer cecac79a73f45067
2018-11-29 01:04:30.665767 I | etcdserver: starting server... [version: 3.1.5, cluster version: to_be_decided]
2018-11-29 01:04:30.666186 I | rafthttp: started streaming with peer cecac79a73f45067 (stream MsgApp v2 reader)
2018-11-29 01:04:30.666382 I | rafthttp: started streaming with peer cecac79a73f45067 (stream Message reader)
2018-11-29 01:04:30.667194 I | rafthttp: peer b230326f6c733c35 became active
2018-11-29 01:04:30.667213 I | rafthttp: established a TCP streaming connection with peer b230326f6c733c35 (stream Message writer)
2018-11-29 01:04:30.670255 I | rafthttp: established a TCP streaming connection with peer b230326f6c733c35 (stream MsgApp v2 writer)
2018-11-29 01:04:30.670407 I | etcdserver/membership: added member 2d508dd0aa9ee691 [http://ec2-107-23-238-236.compute-1.amazonaws.com:2380] to cluster d4e906640f16da25
2018-11-29 01:04:30.670511 I | etcdserver/membership: added member 3474e3739df12d31 [http://ec2-35-174-16-155.compute-1.amazonaws.com:2380] to cluster d4e906640f16da25
2018-11-29 01:04:30.670608 I | etcdserver/membership: added member a00c92baa5af8639 [http://ec2-18-212-141-207.compute-1.amazonaws.com:2380] to cluster d4e906640f16da25
2018-11-29 01:04:30.670706 I | etcdserver/membership: added member b230326f6c733c35 [http://ec2-18-234-71-213.compute-1.amazonaws.com:2380] to cluster d4e906640f16da25
2018-11-29 01:04:30.670813 I | etcdserver/membership: added member cecac79a73f45067 [http://ec2-18-232-141-137.compute-1.amazonaws.com:2380] to cluster d4e906640f16da25
2018-11-29 01:04:30.670966 I | rafthttp: started streaming with peer b230326f6c733c35 (stream MsgApp v2 reader)
2018-11-29 01:04:30.671025 I | rafthttp: peer 3474e3739df12d31 became active
2018-11-29 01:04:30.671048 I | rafthttp: established a TCP streaming connection with peer 3474e3739df12d31 (stream Message writer)
2018-11-29 01:04:30.671282 I | rafthttp: established a TCP streaming connection with peer 3474e3739df12d31 (stream MsgApp v2 writer)
2018-11-29 01:04:30.671297 I | rafthttp: started streaming with peer b230326f6c733c35 (stream Message reader)
2018-11-29 01:04:30.671436 I | rafthttp: started streaming with peer a00c92baa5af8639 (stream MsgApp v2 reader)
2018-11-29 01:04:30.673337 I | rafthttp: established a TCP streaming connection with peer b230326f6c733c35 (stream Message reader)
2018-11-29 01:04:30.673468 I | rafthttp: established a TCP streaming connection with peer 3474e3739df12d31 (stream Message reader)
2018-11-29 01:04:30.673549 I | rafthttp: established a TCP streaming connection with peer b230326f6c733c35 (stream MsgApp v2 reader)
2018-11-29 01:04:30.673560 I | rafthttp: peer a00c92baa5af8639 became active
2018-11-29 01:04:30.673574 I | rafthttp: established a TCP streaming connection with peer a00c92baa5af8639 (stream MsgApp v2 writer)
2018-11-29 01:04:30.673762 I | rafthttp: established a TCP streaming connection with peer a00c92baa5af8639 (stream Message writer)
2018-11-29 01:04:30.673812 I | rafthttp: established a TCP streaming connection with peer 3474e3739df12d31 (stream MsgApp v2 reader)
2018-11-29 01:04:30.674096 I | rafthttp: established a TCP streaming connection with peer a00c92baa5af8639 (stream MsgApp v2 reader)
2018-11-29 01:04:30.674791 I | rafthttp: established a TCP streaming connection with peer a00c92baa5af8639 (stream Message reader)
2018-11-29 01:04:31.142426 I | raft: 2d508dd0aa9ee691 [term: 1] received a MsgVote message with higher term from b230326f6c733c35 [term: 2]
2018-11-29 01:04:31.142475 I | raft: 2d508dd0aa9ee691 became follower at term 2
2018-11-29 01:04:31.142488 I | raft: 2d508dd0aa9ee691 [logterm: 1, index: 5, vote: 0] cast MsgVote for b230326f6c733c35 [logterm: 1, index: 5] at term 2
2018-11-29 01:04:31.143947 I | raft: raft.node: 2d508dd0aa9ee691 elected leader b230326f6c733c35 at term 2
2018-11-29 01:04:31.147604 I | etcdserver: published {Name:ec2-107-23-238-236.compute-1.amazonaws.com ClientURLs:[http://ec2-107-23-238-236.compute-1.amazonaws.com:2379]} to cluster d4e906640f16da25
2018-11-29 01:04:31.147715 E | etcdmain: forgot to set Type=notify in systemd service file?
2018-11-29 01:04:31.147732 I | embed: ready to serve client requests
2018-11-29 01:04:31.148041 N | embed: serving insecure client requests on 172.31.24.89:2379, this is strongly discouraged!
2018-11-29 01:04:31.176105 N | etcdserver/membership: set the initial cluster version to 3.1
2018-11-29 01:04:31.176179 I | etcdserver/api: enabled capabilities for version 3.1
2018-11-29 01:04:31.176292 I | rafthttp: peer cecac79a73f45067 became active
2018-11-29 01:04:31.176310 I | rafthttp: established a TCP streaming connection with peer cecac79a73f45067 (stream Message reader)
2018-11-29 01:04:31.176441 I | rafthttp: established a TCP streaming connection with peer cecac79a73f45067 (stream MsgApp v2 reader)
2018-11-29 01:04:31.182149 I | rafthttp: established a TCP streaming connection with peer cecac79a73f45067 (stream MsgApp v2 writer)
2018-11-29 01:04:31.182234 I | rafthttp: established a TCP streaming connection with peer cecac79a73f45067 (stream Message writer)
2018-11-29 01:04:35.666657 W | rafthttp: the clock difference against peer cecac79a73f45067 is too high [1.038873687s > 1s]
