2018-11-29 00:26:10 Jepsen starting etcd :--log-output :stderr :--name ec2-18-212-141-207.compute-1.amazonaws.com :--listen-peer-urls http://ec2-18-212-141-207.compute-1.amazonaws.com:2380 :--listen-client-urls http://ec2-18-212-141-207.compute-1.amazonaws.com:2379 :--advertise-client-urls http://ec2-18-212-141-207.compute-1.amazonaws.com:2379 :--initial-cluster-state :new :--initial-advertise-peer-urls http://ec2-18-212-141-207.compute-1.amazonaws.com:2380 :--initial-cluster ec2-35-174-16-155.compute-1.amazonaws.com=http://ec2-35-174-16-155.compute-1.amazonaws.com:2380,ec2-18-212-141-207.compute-1.amazonaws.com=http://ec2-18-212-141-207.compute-1.amazonaws.com:2380,ec2-18-232-141-137.compute-1.amazonaws.com=http://ec2-18-232-141-137.compute-1.amazonaws.com:2380,ec2-107-23-238-236.compute-1.amazonaws.com=http://ec2-107-23-238-236.compute-1.amazonaws.com:2380,ec2-18-234-71-213.compute-1.amazonaws.com=http://ec2-18-234-71-213.compute-1.amazonaws.com:2380
2018-11-29 00:26:10.967742 I | etcdmain: etcd Version: 3.1.5
2018-11-29 00:26:10.967783 I | etcdmain: Git SHA: 20490ca
2018-11-29 00:26:10.967788 I | etcdmain: Go Version: go1.7.5
2018-11-29 00:26:10.967793 I | etcdmain: Go OS/Arch: linux/amd64
2018-11-29 00:26:10.967801 I | etcdmain: setting maximum number of CPUs to 2, total number of available CPUs is 2
2018-11-29 00:26:10.967809 W | etcdmain: no data-dir provided, using default data-dir ./ec2-18-212-141-207.compute-1.amazonaws.com.etcd
2018-11-29 00:26:10.967824 W | embed: expected IP in URL for binding (http://ec2-18-212-141-207.compute-1.amazonaws.com:2380)
2018-11-29 00:26:10.967835 W | embed: expected IP in URL for binding (http://ec2-18-212-141-207.compute-1.amazonaws.com:2379)
2018-11-29 00:26:10.969908 I | embed: listening for peers on http://ec2-18-212-141-207.compute-1.amazonaws.com:2380
2018-11-29 00:26:10.970399 I | embed: listening for client requests on ec2-18-212-141-207.compute-1.amazonaws.com:2379
2018-11-29 00:26:11.278414 I | pkg/netutil: resolving ec2-18-212-141-207.compute-1.amazonaws.com:2380 to 172.31.16.109:2380
2018-11-29 00:26:11.278949 I | pkg/netutil: resolving ec2-18-212-141-207.compute-1.amazonaws.com:2380 to 172.31.16.109:2380
2018-11-29 00:26:15.016959 I | etcdserver: name = ec2-18-212-141-207.compute-1.amazonaws.com
2018-11-29 00:26:15.016989 I | etcdserver: data dir = ec2-18-212-141-207.compute-1.amazonaws.com.etcd
2018-11-29 00:26:15.016999 I | etcdserver: member dir = ec2-18-212-141-207.compute-1.amazonaws.com.etcd/member
2018-11-29 00:26:15.017005 I | etcdserver: heartbeat = 100ms
2018-11-29 00:26:15.017009 I | etcdserver: election = 1000ms
2018-11-29 00:26:15.017014 I | etcdserver: snapshot count = 10000
2018-11-29 00:26:15.017025 I | etcdserver: advertise client URLs = http://ec2-18-212-141-207.compute-1.amazonaws.com:2379
2018-11-29 00:26:15.017032 I | etcdserver: initial advertise peer URLs = http://ec2-18-212-141-207.compute-1.amazonaws.com:2380
2018-11-29 00:26:15.017083 I | etcdserver: initial cluster = ec2-107-23-238-236.compute-1.amazonaws.com=http://ec2-107-23-238-236.compute-1.amazonaws.com:2380,ec2-18-212-141-207.compute-1.amazonaws.com=http://ec2-18-212-141-207.compute-1.amazonaws.com:2380,ec2-18-232-141-137.compute-1.amazonaws.com=http://ec2-18-232-141-137.compute-1.amazonaws.com:2380,ec2-18-234-71-213.compute-1.amazonaws.com=http://ec2-18-234-71-213.compute-1.amazonaws.com:2380,ec2-35-174-16-155.compute-1.amazonaws.com=http://ec2-35-174-16-155.compute-1.amazonaws.com:2380
2018-11-29 00:26:15.021672 I | etcdserver: starting member a00c92baa5af8639 in cluster d4e906640f16da25
2018-11-29 00:26:15.021704 I | raft: a00c92baa5af8639 became follower at term 0
2018-11-29 00:26:15.021715 I | raft: newRaft a00c92baa5af8639 [peers: [], term: 0, commit: 0, applied: 0, lastindex: 0, lastterm: 0]
2018-11-29 00:26:15.021721 I | raft: a00c92baa5af8639 became follower at term 1
2018-11-29 00:26:15.045047 I | rafthttp: starting peer 2d508dd0aa9ee691...
2018-11-29 00:26:15.045102 I | rafthttp: started HTTP pipelining with peer 2d508dd0aa9ee691
2018-11-29 00:26:15.046392 I | rafthttp: started streaming with peer 2d508dd0aa9ee691 (writer)
2018-11-29 00:26:15.046684 I | rafthttp: started streaming with peer 2d508dd0aa9ee691 (writer)
2018-11-29 00:26:15.049877 I | rafthttp: started peer 2d508dd0aa9ee691
2018-11-29 00:26:15.049906 I | rafthttp: added peer 2d508dd0aa9ee691
2018-11-29 00:26:15.049924 I | rafthttp: starting peer 3474e3739df12d31...
2018-11-29 00:26:15.049945 I | rafthttp: started HTTP pipelining with peer 3474e3739df12d31
2018-11-29 00:26:15.050380 I | rafthttp: started streaming with peer 2d508dd0aa9ee691 (stream MsgApp v2 reader)
2018-11-29 00:26:15.051679 I | rafthttp: started streaming with peer 2d508dd0aa9ee691 (stream Message reader)
2018-11-29 00:26:15.052692 I | rafthttp: started peer 3474e3739df12d31
2018-11-29 00:26:15.052719 I | rafthttp: added peer 3474e3739df12d31
2018-11-29 00:26:15.052736 I | rafthttp: starting peer b230326f6c733c35...
2018-11-29 00:26:15.052766 I | rafthttp: started HTTP pipelining with peer b230326f6c733c35
2018-11-29 00:26:15.053418 I | rafthttp: started streaming with peer 3474e3739df12d31 (writer)
2018-11-29 00:26:15.053446 I | rafthttp: started streaming with peer 3474e3739df12d31 (stream MsgApp v2 reader)
2018-11-29 00:26:15.053656 I | rafthttp: started streaming with peer 3474e3739df12d31 (stream Message reader)
2018-11-29 00:26:15.053782 I | rafthttp: started streaming with peer 3474e3739df12d31 (writer)
2018-11-29 00:26:15.054621 I | rafthttp: started streaming with peer b230326f6c733c35 (writer)
2018-11-29 00:26:15.055091 I | rafthttp: started streaming with peer b230326f6c733c35 (writer)
2018-11-29 00:26:15.056160 I | rafthttp: started peer b230326f6c733c35
2018-11-29 00:26:15.056184 I | rafthttp: added peer b230326f6c733c35
2018-11-29 00:26:15.056202 I | rafthttp: starting peer cecac79a73f45067...
2018-11-29 00:26:15.056994 I | rafthttp: started HTTP pipelining with peer cecac79a73f45067
2018-11-29 00:26:15.058177 I | rafthttp: started peer cecac79a73f45067
2018-11-29 00:26:15.058220 I | rafthttp: added peer cecac79a73f45067
2018-11-29 00:26:15.058236 I | etcdserver: starting server... [version: 3.1.5, cluster version: to_be_decided]
2018-11-29 00:26:15.058482 I | rafthttp: started streaming with peer b230326f6c733c35 (stream MsgApp v2 reader)
2018-11-29 00:26:15.058689 I | rafthttp: started streaming with peer b230326f6c733c35 (stream Message reader)
2018-11-29 00:26:15.058815 I | rafthttp: started streaming with peer cecac79a73f45067 (writer)
2018-11-29 00:26:15.058852 I | rafthttp: started streaming with peer cecac79a73f45067 (writer)
2018-11-29 00:26:15.058879 I | rafthttp: started streaming with peer cecac79a73f45067 (stream MsgApp v2 reader)
2018-11-29 00:26:15.059057 I | rafthttp: started streaming with peer cecac79a73f45067 (stream Message reader)
2018-11-29 00:26:15.059826 I | rafthttp: peer 2d508dd0aa9ee691 became active
2018-11-29 00:26:15.059848 I | rafthttp: established a TCP streaming connection with peer 2d508dd0aa9ee691 (stream Message writer)
2018-11-29 00:26:15.061101 I | rafthttp: established a TCP streaming connection with peer 2d508dd0aa9ee691 (stream MsgApp v2 reader)
2018-11-29 00:26:15.061381 I | rafthttp: peer cecac79a73f45067 became active
2018-11-29 00:26:15.061429 I | rafthttp: established a TCP streaming connection with peer cecac79a73f45067 (stream Message writer)
2018-11-29 00:26:15.061858 I | rafthttp: established a TCP streaming connection with peer cecac79a73f45067 (stream MsgApp v2 writer)
2018-11-29 00:26:15.062177 I | rafthttp: peer b230326f6c733c35 became active
2018-11-29 00:26:15.062212 I | rafthttp: established a TCP streaming connection with peer b230326f6c733c35 (stream Message writer)
2018-11-29 00:26:15.062605 I | rafthttp: established a TCP streaming connection with peer b230326f6c733c35 (stream MsgApp v2 writer)
2018-11-29 00:26:15.062961 I | rafthttp: peer 3474e3739df12d31 became active
2018-11-29 00:26:15.062990 I | rafthttp: established a TCP streaming connection with peer 3474e3739df12d31 (stream MsgApp v2 writer)
2018-11-29 00:26:15.063275 I | rafthttp: established a TCP streaming connection with peer 3474e3739df12d31 (stream Message writer)
2018-11-29 00:26:15.063465 I | rafthttp: established a TCP streaming connection with peer 2d508dd0aa9ee691 (stream MsgApp v2 writer)
2018-11-29 00:26:15.063487 I | rafthttp: established a TCP streaming connection with peer 3474e3739df12d31 (stream Message reader)
2018-11-29 00:26:15.063513 I | rafthttp: established a TCP streaming connection with peer 3474e3739df12d31 (stream MsgApp v2 reader)
2018-11-29 00:26:15.063693 I | etcdserver/membership: added member 2d508dd0aa9ee691 [http://ec2-107-23-238-236.compute-1.amazonaws.com:2380] to cluster d4e906640f16da25
2018-11-29 00:26:15.063929 I | etcdserver/membership: added member 3474e3739df12d31 [http://ec2-35-174-16-155.compute-1.amazonaws.com:2380] to cluster d4e906640f16da25
2018-11-29 00:26:15.064053 I | etcdserver/membership: added member a00c92baa5af8639 [http://ec2-18-212-141-207.compute-1.amazonaws.com:2380] to cluster d4e906640f16da25
2018-11-29 00:26:15.064682 I | rafthttp: established a TCP streaming connection with peer 2d508dd0aa9ee691 (stream Message reader)
2018-11-29 00:26:15.064725 I | etcdserver/membership: added member b230326f6c733c35 [http://ec2-18-234-71-213.compute-1.amazonaws.com:2380] to cluster d4e906640f16da25
2018-11-29 00:26:15.064744 I | rafthttp: established a TCP streaming connection with peer b230326f6c733c35 (stream MsgApp v2 reader)
2018-11-29 00:26:15.064826 I | rafthttp: established a TCP streaming connection with peer b230326f6c733c35 (stream Message reader)
2018-11-29 00:26:15.065012 I | etcdserver/membership: added member cecac79a73f45067 [http://ec2-18-232-141-137.compute-1.amazonaws.com:2380] to cluster d4e906640f16da25
2018-11-29 00:26:15.070006 I | rafthttp: established a TCP streaming connection with peer cecac79a73f45067 (stream Message reader)
2018-11-29 00:26:15.070026 I | rafthttp: established a TCP streaming connection with peer cecac79a73f45067 (stream MsgApp v2 reader)
2018-11-29 00:26:15.223015 I | raft: a00c92baa5af8639 [term: 1] received a MsgVote message with higher term from 2d508dd0aa9ee691 [term: 2]
2018-11-29 00:26:15.223054 I | raft: a00c92baa5af8639 became follower at term 2
2018-11-29 00:26:15.223066 I | raft: a00c92baa5af8639 [logterm: 1, index: 5, vote: 0] cast MsgVote for 2d508dd0aa9ee691 [logterm: 1, index: 5] at term 2
2018-11-29 00:26:15.224704 I | raft: raft.node: a00c92baa5af8639 elected leader 2d508dd0aa9ee691 at term 2
2018-11-29 00:26:15.228183 I | etcdserver: published {Name:ec2-18-212-141-207.compute-1.amazonaws.com ClientURLs:[http://ec2-18-212-141-207.compute-1.amazonaws.com:2379]} to cluster d4e906640f16da25
2018-11-29 00:26:15.228200 I | embed: ready to serve client requests
2018-11-29 00:26:15.228354 E | etcdmain: forgot to set Type=notify in systemd service file?
2018-11-29 00:26:15.228447 N | embed: serving insecure client requests on 172.31.16.109:2379, this is strongly discouraged!
2018-11-29 00:26:15.233941 N | etcdserver/membership: set the initial cluster version to 3.1
2018-11-29 00:26:15.233980 I | etcdserver/api: enabled capabilities for version 3.1
