2018-11-29 19:13:52 Jepsen starting etcd :--log-output :stderr :--name ec2-35-174-16-155.compute-1.amazonaws.com :--listen-peer-urls http://ec2-35-174-16-155.compute-1.amazonaws.com:2380 :--listen-client-urls http://ec2-35-174-16-155.compute-1.amazonaws.com:2379 :--advertise-client-urls http://ec2-35-174-16-155.compute-1.amazonaws.com:2379 :--initial-cluster-state :new :--initial-advertise-peer-urls http://ec2-35-174-16-155.compute-1.amazonaws.com:2380 :--initial-cluster ec2-35-174-16-155.compute-1.amazonaws.com=http://ec2-35-174-16-155.compute-1.amazonaws.com:2380,ec2-18-212-141-207.compute-1.amazonaws.com=http://ec2-18-212-141-207.compute-1.amazonaws.com:2380,ec2-18-232-141-137.compute-1.amazonaws.com=http://ec2-18-232-141-137.compute-1.amazonaws.com:2380,ec2-107-23-238-236.compute-1.amazonaws.com=http://ec2-107-23-238-236.compute-1.amazonaws.com:2380,ec2-18-234-71-213.compute-1.amazonaws.com=http://ec2-18-234-71-213.compute-1.amazonaws.com:2380
2018-11-29 19:13:52.394092 I | etcdmain: etcd Version: 3.1.5
2018-11-29 19:13:52.394137 I | etcdmain: Git SHA: 20490ca
2018-11-29 19:13:52.394144 I | etcdmain: Go Version: go1.7.5
2018-11-29 19:13:52.394149 I | etcdmain: Go OS/Arch: linux/amd64
2018-11-29 19:13:52.394156 I | etcdmain: setting maximum number of CPUs to 2, total number of available CPUs is 2
2018-11-29 19:13:52.394164 W | etcdmain: no data-dir provided, using default data-dir ./ec2-35-174-16-155.compute-1.amazonaws.com.etcd
2018-11-29 19:13:52.394180 W | embed: expected IP in URL for binding (http://ec2-35-174-16-155.compute-1.amazonaws.com:2380)
2018-11-29 19:13:52.394187 W | embed: expected IP in URL for binding (http://ec2-35-174-16-155.compute-1.amazonaws.com:2379)
2018-11-29 19:13:52.396291 I | embed: listening for peers on http://ec2-35-174-16-155.compute-1.amazonaws.com:2380
2018-11-29 19:13:52.396732 I | embed: listening for client requests on ec2-35-174-16-155.compute-1.amazonaws.com:2379
2018-11-29 19:13:52.402482 I | pkg/netutil: resolving ec2-35-174-16-155.compute-1.amazonaws.com:2380 to 172.31.21.73:2380
2018-11-29 19:13:52.402860 I | pkg/netutil: resolving ec2-35-174-16-155.compute-1.amazonaws.com:2380 to 172.31.21.73:2380
2018-11-29 19:13:56.403966 I | etcdserver: name = ec2-35-174-16-155.compute-1.amazonaws.com
2018-11-29 19:13:56.404019 I | etcdserver: data dir = ec2-35-174-16-155.compute-1.amazonaws.com.etcd
2018-11-29 19:13:56.404028 I | etcdserver: member dir = ec2-35-174-16-155.compute-1.amazonaws.com.etcd/member
2018-11-29 19:13:56.404034 I | etcdserver: heartbeat = 100ms
2018-11-29 19:13:56.404040 I | etcdserver: election = 1000ms
2018-11-29 19:13:56.404049 I | etcdserver: snapshot count = 10000
2018-11-29 19:13:56.404062 I | etcdserver: advertise client URLs = http://ec2-35-174-16-155.compute-1.amazonaws.com:2379
2018-11-29 19:13:56.404069 I | etcdserver: initial advertise peer URLs = http://ec2-35-174-16-155.compute-1.amazonaws.com:2380
2018-11-29 19:13:56.404108 I | etcdserver: initial cluster = ec2-107-23-238-236.compute-1.amazonaws.com=http://ec2-107-23-238-236.compute-1.amazonaws.com:2380,ec2-18-212-141-207.compute-1.amazonaws.com=http://ec2-18-212-141-207.compute-1.amazonaws.com:2380,ec2-18-232-141-137.compute-1.amazonaws.com=http://ec2-18-232-141-137.compute-1.amazonaws.com:2380,ec2-18-234-71-213.compute-1.amazonaws.com=http://ec2-18-234-71-213.compute-1.amazonaws.com:2380,ec2-35-174-16-155.compute-1.amazonaws.com=http://ec2-35-174-16-155.compute-1.amazonaws.com:2380
2018-11-29 19:13:56.410091 I | etcdserver: starting member 3474e3739df12d31 in cluster d4e906640f16da25
2018-11-29 19:13:56.410117 I | raft: 3474e3739df12d31 became follower at term 0
2018-11-29 19:13:56.410129 I | raft: newRaft 3474e3739df12d31 [peers: [], term: 0, commit: 0, applied: 0, lastindex: 0, lastterm: 0]
2018-11-29 19:13:56.410135 I | raft: 3474e3739df12d31 became follower at term 1
2018-11-29 19:13:56.422959 I | rafthttp: starting peer 2d508dd0aa9ee691...
2018-11-29 19:13:56.423029 I | rafthttp: started HTTP pipelining with peer 2d508dd0aa9ee691
2018-11-29 19:13:56.427722 I | rafthttp: started streaming with peer 2d508dd0aa9ee691 (writer)
2018-11-29 19:13:56.427771 I | rafthttp: started peer 2d508dd0aa9ee691
2018-11-29 19:13:56.427786 I | rafthttp: started streaming with peer 2d508dd0aa9ee691 (stream MsgApp v2 reader)
2018-11-29 19:13:56.427833 I | rafthttp: started streaming with peer 2d508dd0aa9ee691 (writer)
2018-11-29 19:13:56.427847 I | rafthttp: started streaming with peer 2d508dd0aa9ee691 (stream Message reader)
2018-11-29 19:13:56.427951 I | rafthttp: added peer 2d508dd0aa9ee691
2018-11-29 19:13:56.427975 I | rafthttp: starting peer a00c92baa5af8639...
2018-11-29 19:13:56.427994 I | rafthttp: started HTTP pipelining with peer a00c92baa5af8639
2018-11-29 19:13:56.430454 I | rafthttp: started streaming with peer a00c92baa5af8639 (writer)
2018-11-29 19:13:56.432170 I | rafthttp: started peer a00c92baa5af8639
2018-11-29 19:13:56.432195 I | rafthttp: added peer a00c92baa5af8639
2018-11-29 19:13:56.432215 I | rafthttp: starting peer b230326f6c733c35...
2018-11-29 19:13:56.432238 I | rafthttp: started HTTP pipelining with peer b230326f6c733c35
2018-11-29 19:13:56.433227 I | rafthttp: started streaming with peer a00c92baa5af8639 (stream MsgApp v2 reader)
2018-11-29 19:13:56.433537 I | rafthttp: started streaming with peer b230326f6c733c35 (writer)
2018-11-29 19:13:56.434563 I | rafthttp: started peer b230326f6c733c35
2018-11-29 19:13:56.434590 I | rafthttp: added peer b230326f6c733c35
2018-11-29 19:13:56.434607 I | rafthttp: starting peer cecac79a73f45067...
2018-11-29 19:13:56.434648 I | rafthttp: started HTTP pipelining with peer cecac79a73f45067
2018-11-29 19:13:56.436577 I | rafthttp: started peer cecac79a73f45067
2018-11-29 19:13:56.436599 I | rafthttp: added peer cecac79a73f45067
2018-11-29 19:13:56.436615 I | etcdserver: starting server... [version: 3.1.5, cluster version: to_be_decided]
2018-11-29 19:13:56.436935 I | rafthttp: started streaming with peer b230326f6c733c35 (stream MsgApp v2 reader)
2018-11-29 19:13:56.437050 I | rafthttp: started streaming with peer b230326f6c733c35 (stream Message reader)
2018-11-29 19:13:56.437266 I | rafthttp: started streaming with peer cecac79a73f45067 (writer)
2018-11-29 19:13:56.437301 I | rafthttp: started streaming with peer cecac79a73f45067 (writer)
2018-11-29 19:13:56.437328 I | rafthttp: started streaming with peer cecac79a73f45067 (stream MsgApp v2 reader)
2018-11-29 19:13:56.437487 I | rafthttp: started streaming with peer cecac79a73f45067 (stream Message reader)
2018-11-29 19:13:56.438259 I | rafthttp: peer b230326f6c733c35 became active
2018-11-29 19:13:56.438278 I | rafthttp: established a TCP streaming connection with peer b230326f6c733c35 (stream MsgApp v2 writer)
2018-11-29 19:13:56.439254 I | rafthttp: started streaming with peer b230326f6c733c35 (writer)
2018-11-29 19:13:56.439285 I | rafthttp: started streaming with peer a00c92baa5af8639 (writer)
2018-11-29 19:13:56.439296 I | rafthttp: started streaming with peer a00c92baa5af8639 (stream Message reader)
2018-11-29 19:13:56.439969 I | rafthttp: peer 2d508dd0aa9ee691 became active
2018-11-29 19:13:56.439988 I | rafthttp: established a TCP streaming connection with peer 2d508dd0aa9ee691 (stream MsgApp v2 writer)
2018-11-29 19:13:56.440101 I | rafthttp: established a TCP streaming connection with peer 2d508dd0aa9ee691 (stream Message writer)
2018-11-29 19:13:56.440213 I | rafthttp: peer cecac79a73f45067 became active
2018-11-29 19:13:56.440228 I | rafthttp: established a TCP streaming connection with peer cecac79a73f45067 (stream Message writer)
2018-11-29 19:13:56.440245 I | rafthttp: established a TCP streaming connection with peer cecac79a73f45067 (stream MsgApp v2 writer)
2018-11-29 19:13:56.440338 I | rafthttp: established a TCP streaming connection with peer b230326f6c733c35 (stream Message writer)
2018-11-29 19:13:56.440477 I | etcdserver/membership: added member 2d508dd0aa9ee691 [http://ec2-107-23-238-236.compute-1.amazonaws.com:2380] to cluster d4e906640f16da25
2018-11-29 19:13:56.440581 I | rafthttp: peer a00c92baa5af8639 became active
2018-11-29 19:13:56.440596 I | rafthttp: established a TCP streaming connection with peer a00c92baa5af8639 (stream Message writer)
2018-11-29 19:13:56.440677 I | etcdserver/membership: added member 3474e3739df12d31 [http://ec2-35-174-16-155.compute-1.amazonaws.com:2380] to cluster d4e906640f16da25
2018-11-29 19:13:56.440781 I | etcdserver/membership: added member a00c92baa5af8639 [http://ec2-18-212-141-207.compute-1.amazonaws.com:2380] to cluster d4e906640f16da25
2018-11-29 19:13:56.440894 I | etcdserver/membership: added member b230326f6c733c35 [http://ec2-18-234-71-213.compute-1.amazonaws.com:2380] to cluster d4e906640f16da25
2018-11-29 19:13:56.441008 I | etcdserver/membership: added member cecac79a73f45067 [http://ec2-18-232-141-137.compute-1.amazonaws.com:2380] to cluster d4e906640f16da25
2018-11-29 19:13:56.441105 I | rafthttp: established a TCP streaming connection with peer a00c92baa5af8639 (stream MsgApp v2 writer)
2018-11-29 19:13:56.441169 I | rafthttp: established a TCP streaming connection with peer a00c92baa5af8639 (stream Message reader)
2018-11-29 19:13:56.441244 I | rafthttp: established a TCP streaming connection with peer a00c92baa5af8639 (stream MsgApp v2 reader)
2018-11-29 19:13:56.442325 I | rafthttp: established a TCP streaming connection with peer cecac79a73f45067 (stream MsgApp v2 reader)
2018-11-29 19:13:56.442447 I | rafthttp: established a TCP streaming connection with peer 2d508dd0aa9ee691 (stream MsgApp v2 reader)
2018-11-29 19:13:56.442660 I | rafthttp: established a TCP streaming connection with peer 2d508dd0aa9ee691 (stream Message reader)
2018-11-29 19:13:56.444123 I | rafthttp: established a TCP streaming connection with peer cecac79a73f45067 (stream Message reader)
2018-11-29 19:13:56.444377 I | rafthttp: established a TCP streaming connection with peer b230326f6c733c35 (stream MsgApp v2 reader)
2018-11-29 19:13:56.445861 I | rafthttp: established a TCP streaming connection with peer b230326f6c733c35 (stream Message reader)
2018-11-29 19:13:56.507489 I | raft: 3474e3739df12d31 [term: 1] received a MsgVote message with higher term from a00c92baa5af8639 [term: 2]
2018-11-29 19:13:56.507527 I | raft: 3474e3739df12d31 became follower at term 2
2018-11-29 19:13:56.507539 I | raft: 3474e3739df12d31 [logterm: 1, index: 5, vote: 0] cast MsgVote for a00c92baa5af8639 [logterm: 1, index: 5] at term 2
2018-11-29 19:13:56.508461 I | raft: 3474e3739df12d31 [logterm: 1, index: 5, vote: a00c92baa5af8639] rejected MsgVote from b230326f6c733c35 [logterm: 1, index: 5] at term 2
2018-11-29 19:13:56.508883 I | raft: raft.node: 3474e3739df12d31 elected leader a00c92baa5af8639 at term 2
2018-11-29 19:13:56.513432 I | etcdserver: published {Name:ec2-35-174-16-155.compute-1.amazonaws.com ClientURLs:[http://ec2-35-174-16-155.compute-1.amazonaws.com:2379]} to cluster d4e906640f16da25
2018-11-29 19:13:56.513467 I | embed: ready to serve client requests
2018-11-29 19:13:56.513720 N | embed: serving insecure client requests on 172.31.21.73:2379, this is strongly discouraged!
2018-11-29 19:13:56.515231 E | etcdmain: forgot to set Type=notify in systemd service file?
2018-11-29 19:13:56.519313 N | etcdserver/membership: set the initial cluster version to 3.1
2018-11-29 19:13:56.520328 I | etcdserver/api: enabled capabilities for version 3.1
2018-11-29 19:14:01.437765 W | rafthttp: the clock difference against peer cecac79a73f45067 is too high [1.160051683s > 1s]
