2018-11-29 23:09:27 Jepsen starting etcd :--log-output :stderr :--name ec2-35-174-16-155.compute-1.amazonaws.com :--listen-peer-urls http://ec2-35-174-16-155.compute-1.amazonaws.com:2380 :--listen-client-urls http://ec2-35-174-16-155.compute-1.amazonaws.com:2379 :--advertise-client-urls http://ec2-35-174-16-155.compute-1.amazonaws.com:2379 :--initial-cluster-state :new :--initial-advertise-peer-urls http://ec2-35-174-16-155.compute-1.amazonaws.com:2380 :--initial-cluster ec2-35-174-16-155.compute-1.amazonaws.com=http://ec2-35-174-16-155.compute-1.amazonaws.com:2380,ec2-18-212-141-207.compute-1.amazonaws.com=http://ec2-18-212-141-207.compute-1.amazonaws.com:2380,ec2-18-232-141-137.compute-1.amazonaws.com=http://ec2-18-232-141-137.compute-1.amazonaws.com:2380,ec2-107-23-238-236.compute-1.amazonaws.com=http://ec2-107-23-238-236.compute-1.amazonaws.com:2380,ec2-18-234-71-213.compute-1.amazonaws.com=http://ec2-18-234-71-213.compute-1.amazonaws.com:2380
2018-11-29 23:09:28.072975 I | etcdmain: etcd Version: 3.1.5
2018-11-29 23:09:28.073007 I | etcdmain: Git SHA: 20490ca
2018-11-29 23:09:28.073012 I | etcdmain: Go Version: go1.7.5
2018-11-29 23:09:28.073017 I | etcdmain: Go OS/Arch: linux/amd64
2018-11-29 23:09:28.073022 I | etcdmain: setting maximum number of CPUs to 2, total number of available CPUs is 2
2018-11-29 23:09:28.073033 W | etcdmain: no data-dir provided, using default data-dir ./ec2-35-174-16-155.compute-1.amazonaws.com.etcd
2018-11-29 23:09:28.073045 W | embed: expected IP in URL for binding (http://ec2-35-174-16-155.compute-1.amazonaws.com:2380)
2018-11-29 23:09:28.073052 W | embed: expected IP in URL for binding (http://ec2-35-174-16-155.compute-1.amazonaws.com:2379)
2018-11-29 23:09:28.075876 I | embed: listening for peers on http://ec2-35-174-16-155.compute-1.amazonaws.com:2380
2018-11-29 23:09:28.076335 I | embed: listening for client requests on ec2-35-174-16-155.compute-1.amazonaws.com:2379
2018-11-29 23:09:28.081835 I | pkg/netutil: resolving ec2-35-174-16-155.compute-1.amazonaws.com:2380 to 172.31.21.73:2380
2018-11-29 23:09:28.082268 I | pkg/netutil: resolving ec2-35-174-16-155.compute-1.amazonaws.com:2380 to 172.31.21.73:2380
2018-11-29 23:09:32.083310 I | etcdserver: name = ec2-35-174-16-155.compute-1.amazonaws.com
2018-11-29 23:09:32.083353 I | etcdserver: data dir = ec2-35-174-16-155.compute-1.amazonaws.com.etcd
2018-11-29 23:09:32.083361 I | etcdserver: member dir = ec2-35-174-16-155.compute-1.amazonaws.com.etcd/member
2018-11-29 23:09:32.083367 I | etcdserver: heartbeat = 100ms
2018-11-29 23:09:32.083372 I | etcdserver: election = 1000ms
2018-11-29 23:09:32.083378 I | etcdserver: snapshot count = 10000
2018-11-29 23:09:32.083391 I | etcdserver: advertise client URLs = http://ec2-35-174-16-155.compute-1.amazonaws.com:2379
2018-11-29 23:09:32.083398 I | etcdserver: initial advertise peer URLs = http://ec2-35-174-16-155.compute-1.amazonaws.com:2380
2018-11-29 23:09:32.083443 I | etcdserver: initial cluster = ec2-107-23-238-236.compute-1.amazonaws.com=http://ec2-107-23-238-236.compute-1.amazonaws.com:2380,ec2-18-212-141-207.compute-1.amazonaws.com=http://ec2-18-212-141-207.compute-1.amazonaws.com:2380,ec2-18-232-141-137.compute-1.amazonaws.com=http://ec2-18-232-141-137.compute-1.amazonaws.com:2380,ec2-18-234-71-213.compute-1.amazonaws.com=http://ec2-18-234-71-213.compute-1.amazonaws.com:2380,ec2-35-174-16-155.compute-1.amazonaws.com=http://ec2-35-174-16-155.compute-1.amazonaws.com:2380
2018-11-29 23:09:32.088871 I | etcdserver: starting member 3474e3739df12d31 in cluster d4e906640f16da25
2018-11-29 23:09:32.088898 I | raft: 3474e3739df12d31 became follower at term 0
2018-11-29 23:09:32.088910 I | raft: newRaft 3474e3739df12d31 [peers: [], term: 0, commit: 0, applied: 0, lastindex: 0, lastterm: 0]
2018-11-29 23:09:32.088916 I | raft: 3474e3739df12d31 became follower at term 1
2018-11-29 23:09:32.101418 I | rafthttp: starting peer 2d508dd0aa9ee691...
2018-11-29 23:09:32.101466 I | rafthttp: started HTTP pipelining with peer 2d508dd0aa9ee691
2018-11-29 23:09:32.102869 I | rafthttp: started streaming with peer 2d508dd0aa9ee691 (writer)
2018-11-29 23:09:32.103086 I | rafthttp: started streaming with peer 2d508dd0aa9ee691 (writer)
2018-11-29 23:09:32.106359 I | rafthttp: started peer 2d508dd0aa9ee691
2018-11-29 23:09:32.106388 I | rafthttp: added peer 2d508dd0aa9ee691
2018-11-29 23:09:32.106406 I | rafthttp: starting peer a00c92baa5af8639...
2018-11-29 23:09:32.106429 I | rafthttp: started HTTP pipelining with peer a00c92baa5af8639
2018-11-29 23:09:32.106849 I | rafthttp: started streaming with peer 2d508dd0aa9ee691 (stream MsgApp v2 reader)
2018-11-29 23:09:32.108671 I | rafthttp: started streaming with peer 2d508dd0aa9ee691 (stream Message reader)
2018-11-29 23:09:32.108940 I | rafthttp: started streaming with peer a00c92baa5af8639 (writer)
2018-11-29 23:09:32.110701 I | rafthttp: started peer a00c92baa5af8639
2018-11-29 23:09:32.110729 I | rafthttp: added peer a00c92baa5af8639
2018-11-29 23:09:32.110746 I | rafthttp: starting peer b230326f6c733c35...
2018-11-29 23:09:32.110769 I | rafthttp: started HTTP pipelining with peer b230326f6c733c35
2018-11-29 23:09:32.111912 I | rafthttp: started streaming with peer b230326f6c733c35 (writer)
2018-11-29 23:09:32.112627 I | rafthttp: started peer b230326f6c733c35
2018-11-29 23:09:32.112648 I | rafthttp: added peer b230326f6c733c35
2018-11-29 23:09:32.112665 I | rafthttp: starting peer cecac79a73f45067...
2018-11-29 23:09:32.112745 I | rafthttp: started HTTP pipelining with peer cecac79a73f45067
2018-11-29 23:09:32.114769 I | rafthttp: started peer cecac79a73f45067
2018-11-29 23:09:32.114792 I | rafthttp: added peer cecac79a73f45067
2018-11-29 23:09:32.114808 I | etcdserver: starting server... [version: 3.1.5, cluster version: to_be_decided]
2018-11-29 23:09:32.115094 I | rafthttp: started streaming with peer b230326f6c733c35 (stream MsgApp v2 reader)
2018-11-29 23:09:32.115320 I | rafthttp: started streaming with peer b230326f6c733c35 (stream Message reader)
2018-11-29 23:09:32.115465 I | rafthttp: started streaming with peer cecac79a73f45067 (writer)
2018-11-29 23:09:32.115499 I | rafthttp: started streaming with peer cecac79a73f45067 (writer)
2018-11-29 23:09:32.115548 I | rafthttp: started streaming with peer cecac79a73f45067 (stream MsgApp v2 reader)
2018-11-29 23:09:32.115731 I | rafthttp: started streaming with peer cecac79a73f45067 (stream Message reader)
2018-11-29 23:09:32.116474 I | rafthttp: peer 2d508dd0aa9ee691 became active
2018-11-29 23:09:32.116492 I | rafthttp: established a TCP streaming connection with peer 2d508dd0aa9ee691 (stream Message writer)
2018-11-29 23:09:32.117728 I | rafthttp: started streaming with peer a00c92baa5af8639 (stream Message reader)
2018-11-29 23:09:32.117912 I | rafthttp: peer cecac79a73f45067 became active
2018-11-29 23:09:32.117932 I | rafthttp: established a TCP streaming connection with peer cecac79a73f45067 (stream Message writer)
2018-11-29 23:09:32.118073 I | rafthttp: started streaming with peer b230326f6c733c35 (writer)
2018-11-29 23:09:32.118106 I | rafthttp: established a TCP streaming connection with peer cecac79a73f45067 (stream MsgApp v2 writer)
2018-11-29 23:09:32.118141 I | rafthttp: started streaming with peer a00c92baa5af8639 (writer)
2018-11-29 23:09:32.118174 I | rafthttp: peer a00c92baa5af8639 became active
2018-11-29 23:09:32.118186 I | rafthttp: established a TCP streaming connection with peer a00c92baa5af8639 (stream Message writer)
2018-11-29 23:09:32.118258 I | rafthttp: established a TCP streaming connection with peer 2d508dd0aa9ee691 (stream MsgApp v2 writer)
2018-11-29 23:09:32.118311 I | rafthttp: started streaming with peer a00c92baa5af8639 (stream MsgApp v2 reader)
2018-11-29 23:09:32.118385 I | etcdserver/membership: added member 2d508dd0aa9ee691 [http://ec2-107-23-238-236.compute-1.amazonaws.com:2380] to cluster d4e906640f16da25
2018-11-29 23:09:32.118474 I | rafthttp: established a TCP streaming connection with peer a00c92baa5af8639 (stream MsgApp v2 writer)
2018-11-29 23:09:32.118495 I | etcdserver/membership: added member 3474e3739df12d31 [http://ec2-35-174-16-155.compute-1.amazonaws.com:2380] to cluster d4e906640f16da25
2018-11-29 23:09:32.118612 I | etcdserver/membership: added member a00c92baa5af8639 [http://ec2-18-212-141-207.compute-1.amazonaws.com:2380] to cluster d4e906640f16da25
2018-11-29 23:09:32.118712 I | etcdserver/membership: added member b230326f6c733c35 [http://ec2-18-234-71-213.compute-1.amazonaws.com:2380] to cluster d4e906640f16da25
2018-11-29 23:09:32.118828 I | etcdserver/membership: added member cecac79a73f45067 [http://ec2-18-232-141-137.compute-1.amazonaws.com:2380] to cluster d4e906640f16da25
2018-11-29 23:09:32.119954 I | rafthttp: established a TCP streaming connection with peer a00c92baa5af8639 (stream MsgApp v2 reader)
2018-11-29 23:09:32.120383 I | rafthttp: established a TCP streaming connection with peer a00c92baa5af8639 (stream Message reader)
2018-11-29 23:09:32.122318 I | rafthttp: peer b230326f6c733c35 became active
2018-11-29 23:09:32.122338 I | rafthttp: established a TCP streaming connection with peer b230326f6c733c35 (stream MsgApp v2 reader)
2018-11-29 23:09:32.122666 I | rafthttp: established a TCP streaming connection with peer 2d508dd0aa9ee691 (stream MsgApp v2 reader)
2018-11-29 23:09:32.122888 I | rafthttp: established a TCP streaming connection with peer cecac79a73f45067 (stream MsgApp v2 reader)
2018-11-29 23:09:32.122976 I | rafthttp: established a TCP streaming connection with peer 2d508dd0aa9ee691 (stream Message reader)
2018-11-29 23:09:32.123193 I | rafthttp: established a TCP streaming connection with peer cecac79a73f45067 (stream Message reader)
2018-11-29 23:09:32.125242 I | rafthttp: established a TCP streaming connection with peer b230326f6c733c35 (stream Message reader)
2018-11-29 23:09:32.126608 I | rafthttp: established a TCP streaming connection with peer b230326f6c733c35 (stream MsgApp v2 writer)
2018-11-29 23:09:32.126774 I | rafthttp: established a TCP streaming connection with peer b230326f6c733c35 (stream Message writer)
2018-11-29 23:09:32.387774 I | raft: 3474e3739df12d31 [term: 1] received a MsgVote message with higher term from cecac79a73f45067 [term: 2]
2018-11-29 23:09:32.387811 I | raft: 3474e3739df12d31 became follower at term 2
2018-11-29 23:09:32.387824 I | raft: 3474e3739df12d31 [logterm: 1, index: 5, vote: 0] cast MsgVote for cecac79a73f45067 [logterm: 1, index: 5] at term 2
2018-11-29 23:09:32.389272 I | raft: raft.node: 3474e3739df12d31 elected leader cecac79a73f45067 at term 2
2018-11-29 23:09:32.393031 I | etcdserver: published {Name:ec2-35-174-16-155.compute-1.amazonaws.com ClientURLs:[http://ec2-35-174-16-155.compute-1.amazonaws.com:2379]} to cluster d4e906640f16da25
2018-11-29 23:09:32.393096 I | embed: ready to serve client requests
2018-11-29 23:09:32.393337 N | embed: serving insecure client requests on 172.31.21.73:2379, this is strongly discouraged!
2018-11-29 23:09:32.394980 E | etcdmain: forgot to set Type=notify in systemd service file?
2018-11-29 23:09:32.399634 N | etcdserver/membership: set the initial cluster version to 3.1
2018-11-29 23:09:32.401373 I | etcdserver/api: enabled capabilities for version 3.1
2018-11-29 23:09:37.115984 W | rafthttp: the clock difference against peer cecac79a73f45067 is too high [1.328911807s > 1s]
