2018-11-28 23:13:16,322{GMT}	INFO	[jepsen test runner] jepsen.core: Running test:
 {:concurrency 5,
 :db
 #object[jepsen.etcdemo$db$reify__222 0x30ca0779 "jepsen.etcdemo$db$reify__222@30ca0779"],
 :name "etcd",
 :start-time
 #object[org.joda.time.DateTime 0x714f3da4 "2018-11-28T23:13:16.000Z"],
 :net
 #object[jepsen.net$reify__4286 0x617389a "jepsen.net$reify__4286@617389a"],
 :client
 #object[jepsen.client$reify__4142 0x4b0f2299 "jepsen.client$reify__4142@4b0f2299"],
 :barrier
 #object[java.util.concurrent.CyclicBarrier 0x12704e15 "java.util.concurrent.CyclicBarrier@12704e15"],
 :ssh
 {:username "admin",
  :password "root",
  :strict-host-key-checking false,
  :private-key-path nil},
 :checker
 #object[jepsen.checker$unbridled_optimism$reify__3965 0x3291b443 "jepsen.checker$unbridled_optimism$reify__3965@3291b443"],
 :nemesis
 #object[jepsen.nemesis$reify__4369 0x136965e3 "jepsen.nemesis$reify__4369@136965e3"],
 :active-histories #<Atom@5ad5be4a: #{}>,
 :nodes
 ["ec2-35-174-16-155.compute-1.amazonaws.com"
  "ec2-18-212-141-207.compute-1.amazonaws.com"
  "ec2-18-232-141-137.compute-1.amazonaws.com"
  "ec2-107-23-238-236.compute-1.amazonaws.com"
  "ec2-18-234-71-213.compute-1.amazonaws.com"],
 :test-count 1,
 :generator (gen/gvoid),
 :os
 #object[jepsen.os.debian$reify__206 0x53abfc07 "jepsen.os.debian$reify__206@53abfc07"],
 :time-limit 60,
 :model {}}

2018-11-28 23:13:17,120{GMT}	INFO	[jepsen node ec2-18-212-141-207.compute-1.amazonaws.com] jepsen.os.debian: ec2-18-212-141-207.compute-1.amazonaws.com setting up debian
2018-11-28 23:13:17,120{GMT}	INFO	[jepsen node ec2-107-23-238-236.compute-1.amazonaws.com] jepsen.os.debian: ec2-107-23-238-236.compute-1.amazonaws.com setting up debian
2018-11-28 23:13:17,121{GMT}	INFO	[jepsen node ec2-18-232-141-137.compute-1.amazonaws.com] jepsen.os.debian: ec2-18-232-141-137.compute-1.amazonaws.com setting up debian
2018-11-28 23:13:17,121{GMT}	INFO	[jepsen node ec2-18-234-71-213.compute-1.amazonaws.com] jepsen.os.debian: ec2-18-234-71-213.compute-1.amazonaws.com setting up debian
2018-11-28 23:13:17,123{GMT}	INFO	[jepsen node ec2-35-174-16-155.compute-1.amazonaws.com] jepsen.os.debian: ec2-35-174-16-155.compute-1.amazonaws.com setting up debian
2018-11-28 23:13:17,888{GMT}	INFO	[jepsen test runner] jepsen.db: Tearing down DB
2018-11-28 23:13:17,889{GMT}	INFO	[jepsen node ec2-18-212-141-207.compute-1.amazonaws.com] jepsen.etcdemo: Tearing down db
2018-11-28 23:13:17,889{GMT}	INFO	[jepsen node ec2-35-174-16-155.compute-1.amazonaws.com] jepsen.etcdemo: Tearing down db
2018-11-28 23:13:17,889{GMT}	INFO	[jepsen node ec2-107-23-238-236.compute-1.amazonaws.com] jepsen.etcdemo: Tearing down db
2018-11-28 23:13:17,889{GMT}	INFO	[jepsen node ec2-18-212-141-207.compute-1.amazonaws.com] jepsen.control.util: Stopping etcd
2018-11-28 23:13:17,890{GMT}	INFO	[jepsen node ec2-35-174-16-155.compute-1.amazonaws.com] jepsen.control.util: Stopping etcd
2018-11-28 23:13:17,890{GMT}	INFO	[jepsen node ec2-107-23-238-236.compute-1.amazonaws.com] jepsen.control.util: Stopping etcd
2018-11-28 23:13:17,890{GMT}	INFO	[jepsen node ec2-18-234-71-213.compute-1.amazonaws.com] jepsen.etcdemo: Tearing down db
2018-11-28 23:13:17,890{GMT}	INFO	[jepsen node ec2-18-232-141-137.compute-1.amazonaws.com] jepsen.etcdemo: Tearing down db
2018-11-28 23:13:17,890{GMT}	INFO	[jepsen node ec2-18-234-71-213.compute-1.amazonaws.com] jepsen.control.util: Stopping etcd
2018-11-28 23:13:17,891{GMT}	INFO	[jepsen node ec2-18-232-141-137.compute-1.amazonaws.com] jepsen.control.util: Stopping etcd
2018-11-28 23:13:18,200{GMT}	INFO	[jepsen test runner] jepsen.db: Setting up DB
2018-11-28 23:13:18,201{GMT}	INFO	[jepsen node ec2-35-174-16-155.compute-1.amazonaws.com] jepsen.etcdemo: Setting up db
2018-11-28 23:13:18,202{GMT}	INFO	[jepsen node ec2-18-232-141-137.compute-1.amazonaws.com] jepsen.etcdemo: Setting up db
2018-11-28 23:13:18,202{GMT}	INFO	[jepsen node ec2-18-212-141-207.compute-1.amazonaws.com] jepsen.etcdemo: Setting up db
2018-11-28 23:13:18,202{GMT}	INFO	[jepsen node ec2-107-23-238-236.compute-1.amazonaws.com] jepsen.etcdemo: Setting up db
2018-11-28 23:13:18,203{GMT}	INFO	[jepsen node ec2-18-234-71-213.compute-1.amazonaws.com] jepsen.etcdemo: Setting up db
2018-11-28 23:13:19,527{GMT}	INFO	[jepsen node ec2-107-23-238-236.compute-1.amazonaws.com] jepsen.control.util: starting etcd
2018-11-28 23:13:19,531{GMT}	INFO	[jepsen node ec2-18-212-141-207.compute-1.amazonaws.com] jepsen.control.util: starting etcd
2018-11-28 23:13:19,532{GMT}	INFO	[jepsen node ec2-18-234-71-213.compute-1.amazonaws.com] jepsen.control.util: starting etcd
2018-11-28 23:13:19,534{GMT}	INFO	[jepsen node ec2-35-174-16-155.compute-1.amazonaws.com] jepsen.control.util: starting etcd
2018-11-28 23:13:19,626{GMT}	INFO	[jepsen node ec2-18-232-141-137.compute-1.amazonaws.com] jepsen.control.util: starting etcd
2018-11-28 23:13:29,835{GMT}	INFO	[jepsen nemesis] jepsen.core: Starting nemesis
2018-11-28 23:13:29,835{GMT}	INFO	[jepsen nemesis] jepsen.core: Running nemesis
2018-11-28 23:13:29,835{GMT}	INFO	[jepsen nemesis] jepsen.core: Stopping nemesis
2018-11-28 23:13:29,837{GMT}	INFO	[jepsen worker 1] jepsen.core: Starting worker 1
2018-11-28 23:13:29,837{GMT}	INFO	[jepsen worker 1] jepsen.core: Running worker 1
2018-11-28 23:13:29,837{GMT}	INFO	[jepsen worker 1] jepsen.core: Stopping worker 1
2018-11-28 23:13:29,843{GMT}	INFO	[jepsen worker 2] jepsen.core: Starting worker 2
2018-11-28 23:13:29,844{GMT}	INFO	[jepsen worker 2] jepsen.core: Running worker 2
2018-11-28 23:13:29,844{GMT}	INFO	[jepsen worker 0] jepsen.core: Starting worker 0
2018-11-28 23:13:29,848{GMT}	INFO	[jepsen worker 3] jepsen.core: Starting worker 3
2018-11-28 23:13:29,849{GMT}	INFO	[jepsen worker 2] jepsen.core: Stopping worker 2
2018-11-28 23:13:29,849{GMT}	INFO	[jepsen worker 0] jepsen.core: Running worker 0
2018-11-28 23:13:29,849{GMT}	INFO	[jepsen worker 4] jepsen.core: Starting worker 4
2018-11-28 23:13:29,850{GMT}	INFO	[jepsen worker 0] jepsen.core: Stopping worker 0
2018-11-28 23:13:29,851{GMT}	INFO	[jepsen worker 4] jepsen.core: Running worker 4
2018-11-28 23:13:29,853{GMT}	INFO	[jepsen worker 4] jepsen.core: Stopping worker 4
2018-11-28 23:13:29,849{GMT}	INFO	[jepsen worker 3] jepsen.core: Running worker 3
2018-11-28 23:13:29,854{GMT}	INFO	[jepsen worker 3] jepsen.core: Stopping worker 3
2018-11-28 23:13:29,856{GMT}	INFO	[jepsen test runner] jepsen.core: Run complete, writing
2018-11-28 23:13:29,874{GMT}	INFO	[jepsen test runner] jepsen.core: Analyzing...
2018-11-28 23:13:29,875{GMT}	INFO	[jepsen test runner] jepsen.core: Analysis complete
2018-11-28 23:13:29,878{GMT}	INFO	[jepsen results] jepsen.store: Wrote /home/admin/jepsen.etcdemo/store/etcd/20181128T231316.000Z/results.edn
2018-11-28 23:13:29,879{GMT}	INFO	[jepsen test runner] jepsen.core: Snarfing log files
2018-11-28 23:13:29,884{GMT}	INFO	[jepsen node ec2-18-232-141-137.compute-1.amazonaws.com] jepsen.core: downloading /opt/etcd/etcd.log to etcd.log
2018-11-28 23:13:29,884{GMT}	INFO	[jepsen node ec2-107-23-238-236.compute-1.amazonaws.com] jepsen.core: downloading /opt/etcd/etcd.log to etcd.log
2018-11-28 23:13:29,884{GMT}	INFO	[jepsen node ec2-18-212-141-207.compute-1.amazonaws.com] jepsen.core: downloading /opt/etcd/etcd.log to etcd.log
2018-11-28 23:13:29,884{GMT}	INFO	[jepsen node ec2-18-234-71-213.compute-1.amazonaws.com] jepsen.core: downloading /opt/etcd/etcd.log to etcd.log
2018-11-28 23:13:29,888{GMT}	INFO	[jepsen node ec2-35-174-16-155.compute-1.amazonaws.com] jepsen.core: downloading /opt/etcd/etcd.log to etcd.log
2018-11-28 23:13:29,916{GMT}	INFO	[jepsen node ec2-35-174-16-155.compute-1.amazonaws.com] jepsen.etcdemo: Tearing down db
2018-11-28 23:13:29,916{GMT}	INFO	[jepsen node ec2-18-212-141-207.compute-1.amazonaws.com] jepsen.etcdemo: Tearing down db
2018-11-28 23:13:29,916{GMT}	INFO	[jepsen node ec2-35-174-16-155.compute-1.amazonaws.com] jepsen.control.util: Stopping etcd
2018-11-28 23:13:29,916{GMT}	INFO	[jepsen node ec2-18-212-141-207.compute-1.amazonaws.com] jepsen.control.util: Stopping etcd
2018-11-28 23:13:29,916{GMT}	INFO	[jepsen node ec2-18-232-141-137.compute-1.amazonaws.com] jepsen.etcdemo: Tearing down db
2018-11-28 23:13:29,916{GMT}	INFO	[jepsen node ec2-107-23-238-236.compute-1.amazonaws.com] jepsen.etcdemo: Tearing down db
2018-11-28 23:13:29,916{GMT}	INFO	[jepsen node ec2-18-234-71-213.compute-1.amazonaws.com] jepsen.etcdemo: Tearing down db
2018-11-28 23:13:29,916{GMT}	INFO	[jepsen node ec2-18-232-141-137.compute-1.amazonaws.com] jepsen.control.util: Stopping etcd
2018-11-28 23:13:29,917{GMT}	INFO	[jepsen node ec2-107-23-238-236.compute-1.amazonaws.com] jepsen.control.util: Stopping etcd
2018-11-28 23:13:29,917{GMT}	INFO	[jepsen node ec2-18-234-71-213.compute-1.amazonaws.com] jepsen.control.util: Stopping etcd
2018-11-28 23:13:30,234{GMT}	INFO	[jepsen test runner] jepsen.core: {:valid? true}


Everything looks good! ヽ(‘ー`)ノ
